  19.09.2023.cpp
C:\Users\Vavan_228\source\repos\19.09.2023\19.09.2023\19.09.2023.cpp(11,13): warning C4566: character represented by universal-character-name '\u0410' cannot be represented in the current code page (1252)
C:\Users\Vavan_228\source\repos\19.09.2023\19.09.2023\19.09.2023.cpp(11,13): warning C4566: character represented by universal-character-name '\u043D' cannot be represented in the current code page (1252)
C:\Users\Vavan_228\source\repos\19.09.2023\19.09.2023\19.09.2023.cpp(11,13): warning C4566: character represented by universal-character-name '\u0430' cannot be represented in the current code page (1252)
C:\Users\Vavan_228\source\repos\19.09.2023\19.09.2023\19.09.2023.cpp(11,25): warning C4566: character represented by universal-character-name '\u0411' cannot be represented in the current code page (1252)
C:\Users\Vavan_228\source\repos\19.09.2023\19.09.2023\19.09.2023.cpp(11,25): warning C4566: character represented by universal-character-name '\u043E' cannot be represented in the current code page (1252)
C:\Users\Vavan_228\source\repos\19.09.2023\19.09.2023\19.09.2023.cpp(11,25): warning C4566: character represented by universal-character-name '\u0440' cannot be represented in the current code page (1252)
C:\Users\Vavan_228\source\repos\19.09.2023\19.09.2023\19.09.2023.cpp(11,25): warning C4566: character represented by universal-character-name '\u0438' cannot be represented in the current code page (1252)
C:\Users\Vavan_228\source\repos\19.09.2023\19.09.2023\19.09.2023.cpp(11,25): warning C4566: character represented by universal-character-name '\u0441' cannot be represented in the current code page (1252)
C:\Users\Vavan_228\source\repos\19.09.2023\19.09.2023\19.09.2023.cpp(11,39): warning C4566: character represented by universal-character-name '\u0412' cannot be represented in the current code page (1252)
C:\Users\Vavan_228\source\repos\19.09.2023\19.09.2023\19.09.2023.cpp(11,39): warning C4566: character represented by universal-character-name '\u0456' cannot be represented in the current code page (1252)
C:\Users\Vavan_228\source\repos\19.09.2023\19.09.2023\19.09.2023.cpp(11,39): warning C4566: character represented by universal-character-name '\u043A' cannot be represented in the current code page (1252)
C:\Users\Vavan_228\source\repos\19.09.2023\19.09.2023\19.09.2023.cpp(11,39): warning C4566: character represented by universal-character-name '\u0442' cannot be represented in the current code page (1252)
C:\Users\Vavan_228\source\repos\19.09.2023\19.09.2023\19.09.2023.cpp(11,39): warning C4566: character represented by universal-character-name '\u043E' cannot be represented in the current code page (1252)
C:\Users\Vavan_228\source\repos\19.09.2023\19.09.2023\19.09.2023.cpp(11,39): warning C4566: character represented by universal-character-name '\u0440' cannot be represented in the current code page (1252)
C:\Users\Vavan_228\source\repos\19.09.2023\19.09.2023\19.09.2023.cpp(11,39): warning C4566: character represented by universal-character-name '\u044F' cannot be represented in the current code page (1252)
C:\Users\Vavan_228\source\repos\19.09.2023\19.09.2023\19.09.2023.cpp(11,59): warning C4566: character represented by universal-character-name '\u0413' cannot be represented in the current code page (1252)
C:\Users\Vavan_228\source\repos\19.09.2023\19.09.2023\19.09.2023.cpp(11,59): warning C4566: character represented by universal-character-name '\u0440' cannot be represented in the current code page (1252)
C:\Users\Vavan_228\source\repos\19.09.2023\19.09.2023\19.09.2023.cpp(11,59): warning C4566: character represented by universal-character-name '\u0438' cannot be represented in the current code page (1252)
C:\Users\Vavan_228\source\repos\19.09.2023\19.09.2023\19.09.2023.cpp(11,59): warning C4566: character represented by universal-character-name '\u0433' cannot be represented in the current code page (1252)
C:\Users\Vavan_228\source\repos\19.09.2023\19.09.2023\19.09.2023.cpp(11,59): warning C4566: character represented by universal-character-name '\u043E' cannot be represented in the current code page (1252)
C:\Users\Vavan_228\source\repos\19.09.2023\19.09.2023\19.09.2023.cpp(11,59): warning C4566: character represented by universal-character-name '\u0456' cannot be represented in the current code page (1252)
C:\Users\Vavan_228\source\repos\19.09.2023\19.09.2023\19.09.2023.cpp(11,59): warning C4566: character represented by universal-character-name '\u0439' cannot be represented in the current code page (1252)
C:\Users\Vavan_228\source\repos\19.09.2023\19.09.2023\19.09.2023.cpp(11,79): warning C4566: character represented by universal-character-name '\u0414' cannot be represented in the current code page (1252)
C:\Users\Vavan_228\source\repos\19.09.2023\19.09.2023\19.09.2023.cpp(11,79): warning C4566: character represented by universal-character-name '\u043C' cannot be represented in the current code page (1252)
C:\Users\Vavan_228\source\repos\19.09.2023\19.09.2023\19.09.2023.cpp(11,79): warning C4566: character represented by universal-character-name '\u0438' cannot be represented in the current code page (1252)
C:\Users\Vavan_228\source\repos\19.09.2023\19.09.2023\19.09.2023.cpp(11,79): warning C4566: character represented by universal-character-name '\u0442' cannot be represented in the current code page (1252)
C:\Users\Vavan_228\source\repos\19.09.2023\19.09.2023\19.09.2023.cpp(11,79): warning C4566: character represented by universal-character-name '\u0440' cannot be represented in the current code page (1252)
C:\Users\Vavan_228\source\repos\19.09.2023\19.09.2023\19.09.2023.cpp(11,79): warning C4566: character represented by universal-character-name '\u043E' cannot be represented in the current code page (1252)
C:\Users\Vavan_228\source\repos\19.09.2023\19.09.2023\19.09.2023.cpp(11,95): warning C4566: character represented by universal-character-name '\u0404' cannot be represented in the current code page (1252)
C:\Users\Vavan_228\source\repos\19.09.2023\19.09.2023\19.09.2023.cpp(11,95): warning C4566: character represented by universal-character-name '\u0432' cannot be represented in the current code page (1252)
C:\Users\Vavan_228\source\repos\19.09.2023\19.09.2023\19.09.2023.cpp(11,95): warning C4566: character represented by universal-character-name '\u0433' cannot be represented in the current code page (1252)
C:\Users\Vavan_228\source\repos\19.09.2023\19.09.2023\19.09.2023.cpp(11,95): warning C4566: character represented by universal-character-name '\u0435' cannot be represented in the current code page (1252)
C:\Users\Vavan_228\source\repos\19.09.2023\19.09.2023\19.09.2023.cpp(11,95): warning C4566: character represented by universal-character-name '\u043D' cannot be represented in the current code page (1252)
C:\Users\Vavan_228\source\repos\19.09.2023\19.09.2023\19.09.2023.cpp(11,95): warning C4566: character represented by universal-character-name '\u0456' cannot be represented in the current code page (1252)
C:\Users\Vavan_228\source\repos\19.09.2023\19.09.2023\19.09.2023.cpp(11,95): warning C4566: character represented by universal-character-name '\u044F' cannot be represented in the current code page (1252)
C:\Users\Vavan_228\source\repos\19.09.2023\19.09.2023\19.09.2023.cpp(12,13): warning C4566: character represented by universal-character-name '\u0416' cannot be represented in the current code page (1252)
C:\Users\Vavan_228\source\repos\19.09.2023\19.09.2023\19.09.2023.cpp(12,13): warning C4566: character represented by universal-character-name '\u0430' cannot be represented in the current code page (1252)
C:\Users\Vavan_228\source\repos\19.09.2023\19.09.2023\19.09.2023.cpp(12,13): warning C4566: character represented by universal-character-name '\u043D' cannot be represented in the current code page (1252)
C:\Users\Vavan_228\source\repos\19.09.2023\19.09.2023\19.09.2023.cpp(12,27): warning C4566: character represented by universal-character-name '\u0406' cannot be represented in the current code page (1252)
C:\Users\Vavan_228\source\repos\19.09.2023\19.09.2023\19.09.2023.cpp(12,27): warning C4566: character represented by universal-character-name '\u0440' cannot be represented in the current code page (1252)
C:\Users\Vavan_228\source\repos\19.09.2023\19.09.2023\19.09.2023.cpp(12,27): warning C4566: character represented by universal-character-name '\u0438' cannot be represented in the current code page (1252)
C:\Users\Vavan_228\source\repos\19.09.2023\19.09.2023\19.09.2023.cpp(12,27): warning C4566: character represented by universal-character-name '\u043D' cannot be represented in the current code page (1252)
C:\Users\Vavan_228\source\repos\19.09.2023\19.09.2023\19.09.2023.cpp(12,27): warning C4566: character represented by universal-character-name '\u0430' cannot be represented in the current code page (1252)
C:\Users\Vavan_228\source\repos\19.09.2023\19.09.2023\19.09.2023.cpp(12,41): warning C4566: character represented by universal-character-name '\u041A' cannot be represented in the current code page (1252)
C:\Users\Vavan_228\source\repos\19.09.2023\19.09.2023\19.09.2023.cpp(12,41): warning C4566: character represented by universal-character-name '\u043E' cannot be represented in the current code page (1252)
C:\Users\Vavan_228\source\repos\19.09.2023\19.09.2023\19.09.2023.cpp(12,41): warning C4566: character represented by universal-character-name '\u0441' cannot be represented in the current code page (1252)
C:\Users\Vavan_228\source\repos\19.09.2023\19.09.2023\19.09.2023.cpp(12,41): warning C4566: character represented by universal-character-name '\u0442' cannot be represented in the current code page (1252)
C:\Users\Vavan_228\source\repos\19.09.2023\19.09.2023\19.09.2023.cpp(12,41): warning C4566: character represented by universal-character-name '\u044F' cannot be represented in the current code page (1252)
C:\Users\Vavan_228\source\repos\19.09.2023\19.09.2023\19.09.2023.cpp(12,41): warning C4566: character represented by universal-character-name '\u043D' cannot be represented in the current code page (1252)
C:\Users\Vavan_228\source\repos\19.09.2023\19.09.2023\19.09.2023.cpp(12,41): warning C4566: character represented by universal-character-name '\u0438' cannot be represented in the current code page (1252)
C:\Users\Vavan_228\source\repos\19.09.2023\19.09.2023\19.09.2023.cpp(12,63): warning C4566: character represented by universal-character-name '\u041B' cannot be represented in the current code page (1252)
C:\Users\Vavan_228\source\repos\19.09.2023\19.09.2023\19.09.2023.cpp(12,63): warning C4566: character represented by universal-character-name '\u0430' cannot be represented in the current code page (1252)
C:\Users\Vavan_228\source\repos\19.09.2023\19.09.2023\19.09.2023.cpp(12,63): warning C4566: character represented by universal-character-name '\u0440' cannot be represented in the current code page (1252)
C:\Users\Vavan_228\source\repos\19.09.2023\19.09.2023\19.09.2023.cpp(12,63): warning C4566: character represented by universal-character-name '\u0438' cannot be represented in the current code page (1252)
C:\Users\Vavan_228\source\repos\19.09.2023\19.09.2023\19.09.2023.cpp(12,63): warning C4566: character represented by universal-character-name '\u0441' cannot be represented in the current code page (1252)
C:\Users\Vavan_228\source\repos\19.09.2023\19.09.2023\19.09.2023.cpp(12,79): warning C4566: character represented by universal-character-name '\u041C' cannot be represented in the current code page (1252)
C:\Users\Vavan_228\source\repos\19.09.2023\19.09.2023\19.09.2023.cpp(12,79): warning C4566: character represented by universal-character-name '\u0438' cannot be represented in the current code page (1252)
C:\Users\Vavan_228\source\repos\19.09.2023\19.09.2023\19.09.2023.cpp(12,79): warning C4566: character represented by universal-character-name '\u0445' cannot be represented in the current code page (1252)
C:\Users\Vavan_228\source\repos\19.09.2023\19.09.2023\19.09.2023.cpp(12,79): warning C4566: character represented by universal-character-name '\u0430' cannot be represented in the current code page (1252)
C:\Users\Vavan_228\source\repos\19.09.2023\19.09.2023\19.09.2023.cpp(12,79): warning C4566: character represented by universal-character-name '\u0439' cannot be represented in the current code page (1252)
C:\Users\Vavan_228\source\repos\19.09.2023\19.09.2023\19.09.2023.cpp(12,79): warning C4566: character represented by universal-character-name '\u043B' cannot be represented in the current code page (1252)
C:\Users\Vavan_228\source\repos\19.09.2023\19.09.2023\19.09.2023.cpp(12,79): warning C4566: character represented by universal-character-name '\u043E' cannot be represented in the current code page (1252)
C:\Users\Vavan_228\source\repos\19.09.2023\19.09.2023\19.09.2023.cpp(13,13): warning C4566: character represented by universal-character-name '\u041D' cannot be represented in the current code page (1252)
C:\Users\Vavan_228\source\repos\19.09.2023\19.09.2023\19.09.2023.cpp(13,13): warning C4566: character represented by universal-character-name '\u0430' cannot be represented in the current code page (1252)
C:\Users\Vavan_228\source\repos\19.09.2023\19.09.2023\19.09.2023.cpp(13,13): warning C4566: character represented by universal-character-name '\u0442' cannot be represented in the current code page (1252)
C:\Users\Vavan_228\source\repos\19.09.2023\19.09.2023\19.09.2023.cpp(13,13): warning C4566: character represented by universal-character-name '\u043B' cannot be represented in the current code page (1252)
C:\Users\Vavan_228\source\repos\19.09.2023\19.09.2023\19.09.2023.cpp(13,13): warning C4566: character represented by universal-character-name '\u0456' cannot be represented in the current code page (1252)
C:\Users\Vavan_228\source\repos\19.09.2023\19.09.2023\19.09.2023.cpp(13,13): warning C4566: character represented by universal-character-name '\u044F' cannot be represented in the current code page (1252)
C:\Users\Vavan_228\source\repos\19.09.2023\19.09.2023\19.09.2023.cpp(13,31): warning C4566: character represented by universal-character-name '\u041E' cannot be represented in the current code page (1252)
C:\Users\Vavan_228\source\repos\19.09.2023\19.09.2023\19.09.2023.cpp(13,31): warning C4566: character represented by universal-character-name '\u043B' cannot be represented in the current code page (1252)
C:\Users\Vavan_228\source\repos\19.09.2023\19.09.2023\19.09.2023.cpp(13,31): warning C4566: character represented by universal-character-name '\u0435' cannot be represented in the current code page (1252)
C:\Users\Vavan_228\source\repos\19.09.2023\19.09.2023\19.09.2023.cpp(13,31): warning C4566: character represented by universal-character-name '\u043A' cannot be represented in the current code page (1252)
C:\Users\Vavan_228\source\repos\19.09.2023\19.09.2023\19.09.2023.cpp(13,31): warning C4566: character represented by universal-character-name '\u0441' cannot be represented in the current code page (1252)
C:\Users\Vavan_228\source\repos\19.09.2023\19.09.2023\19.09.2023.cpp(13,31): warning C4566: character represented by universal-character-name '\u0430' cannot be represented in the current code page (1252)
C:\Users\Vavan_228\source\repos\19.09.2023\19.09.2023\19.09.2023.cpp(13,31): warning C4566: character represented by universal-character-name '\u043D' cannot be represented in the current code page (1252)
C:\Users\Vavan_228\source\repos\19.09.2023\19.09.2023\19.09.2023.cpp(13,31): warning C4566: character represented by universal-character-name '\u0434' cannot be represented in the current code page (1252)
C:\Users\Vavan_228\source\repos\19.09.2023\19.09.2023\19.09.2023.cpp(13,31): warning C4566: character represented by universal-character-name '\u0440' cannot be represented in the current code page (1252)
C:\Users\Vavan_228\source\repos\19.09.2023\19.09.2023\19.09.2023.cpp(13,53): warning C4566: character represented by universal-character-name '\u041F' cannot be represented in the current code page (1252)
C:\Users\Vavan_228\source\repos\19.09.2023\19.09.2023\19.09.2023.cpp(13,53): warning C4566: character represented by universal-character-name '\u043E' cannot be represented in the current code page (1252)
C:\Users\Vavan_228\source\repos\19.09.2023\19.09.2023\19.09.2023.cpp(13,53): warning C4566: character represented by universal-character-name '\u043B' cannot be represented in the current code page (1252)
C:\Users\Vavan_228\source\repos\19.09.2023\19.09.2023\19.09.2023.cpp(13,53): warning C4566: character represented by universal-character-name '\u0456' cannot be represented in the current code page (1252)
C:\Users\Vavan_228\source\repos\19.09.2023\19.09.2023\19.09.2023.cpp(13,53): warning C4566: character represented by universal-character-name '\u043D' cannot be represented in the current code page (1252)
C:\Users\Vavan_228\source\repos\19.09.2023\19.09.2023\19.09.2023.cpp(13,53): warning C4566: character represented by universal-character-name '\u0430' cannot be represented in the current code page (1252)
C:\Users\Vavan_228\source\repos\19.09.2023\19.09.2023\19.09.2023.cpp(13,69): warning C4566: character represented by universal-character-name '\u0420' cannot be represented in the current code page (1252)
C:\Users\Vavan_228\source\repos\19.09.2023\19.09.2023\19.09.2023.cpp(13,69): warning C4566: character represented by universal-character-name '\u043E' cannot be represented in the current code page (1252)
C:\Users\Vavan_228\source\repos\19.09.2023\19.09.2023\19.09.2023.cpp(13,69): warning C4566: character represented by universal-character-name '\u043C' cannot be represented in the current code page (1252)
C:\Users\Vavan_228\source\repos\19.09.2023\19.09.2023\19.09.2023.cpp(13,69): warning C4566: character represented by universal-character-name '\u0430' cannot be represented in the current code page (1252)
C:\Users\Vavan_228\source\repos\19.09.2023\19.09.2023\19.09.2023.cpp(13,69): warning C4566: character represented by universal-character-name '\u043D' cannot be represented in the current code page (1252)
C:\Users\Vavan_228\source\repos\19.09.2023\19.09.2023\19.09.2023.cpp(13,83): warning C4566: character represented by universal-character-name '\u0421' cannot be represented in the current code page (1252)
C:\Users\Vavan_228\source\repos\19.09.2023\19.09.2023\19.09.2023.cpp(13,83): warning C4566: character represented by universal-character-name '\u0432' cannot be represented in the current code page (1252)
C:\Users\Vavan_228\source\repos\19.09.2023\19.09.2023\19.09.2023.cpp(13,83): warning C4566: character represented by universal-character-name '\u0456' cannot be represented in the current code page (1252)
C:\Users\Vavan_228\source\repos\19.09.2023\19.09.2023\19.09.2023.cpp(13,83): warning C4566: character represented by universal-character-name '\u0442' cannot be represented in the current code page (1252)
C:\Users\Vavan_228\source\repos\19.09.2023\19.09.2023\19.09.2023.cpp(13,83): warning C4566: character represented by universal-character-name '\u043B' cannot be represented in the current code page (1252)
C:\Users\Vavan_228\source\repos\19.09.2023\19.09.2023\19.09.2023.cpp(13,83): warning C4566: character represented by universal-character-name '\u0430' cannot be represented in the current code page (1252)
C:\Users\Vavan_228\source\repos\19.09.2023\19.09.2023\19.09.2023.cpp(13,83): warning C4566: character represented by universal-character-name '\u043D' cannot be represented in the current code page (1252)
C:\Users\Vavan_228\source\repos\19.09.2023\19.09.2023\19.09.2023.cpp(13,103): warning C4566: character represented by universal-character-name '\u0422' cannot be represented in the current code page (1252)
C:\Users\Vavan_228\source\repos\19.09.2023\19.09.2023\19.09.2023.cpp(13,103): warning C4566: character represented by universal-character-name '\u0430' cannot be represented in the current code page (1252)
C:\Users\Vavan_228\source\repos\19.09.2023\19.09.2023\19.09.2023.cpp(13,103): warning C4566: character represented by universal-character-name '\u0440' cannot be represented in the current code page (1252)
C:\Users\Vavan_228\source\repos\19.09.2023\19.09.2023\19.09.2023.cpp(13,103): warning C4566: character represented by universal-character-name '\u0441' cannot be represented in the current code page (1252)
C:\Users\Vavan_228\source\repos\19.09.2023\19.09.2023\19.09.2023.cpp(70,17): error C2280: 'SchoolClass::SchoolClass(void)': attempting to reference a deleted function
C:\Users\Vavan_228\source\repos\19.09.2023\19.09.2023\19.09.2023.cpp(63,1): message : compiler has generated 'SchoolClass::SchoolClass' here
C:\Users\Vavan_228\source\repos\19.09.2023\19.09.2023\19.09.2023.cpp(63,1): message : 'SchoolClass::SchoolClass(void)': function was implicitly deleted because a data member 'SchoolClass::allStudents' has either no appropriate default constructor or overload resolution was ambiguous
C:\Users\Vavan_228\source\repos\19.09.2023\19.09.2023\19.09.2023.cpp(34,13): message : see declaration of 'SchoolClass::allStudents'
C:\Users\Vavan_228\source\repos\19.09.2023\19.09.2023\19.09.2023.cpp(73,13): warning C4566: character represented by universal-character-name '\u041D' cannot be represented in the current code page (1252)
C:\Users\Vavan_228\source\repos\19.09.2023\19.09.2023\19.09.2023.cpp(73,13): warning C4566: character represented by universal-character-name '\u0430' cannot be represented in the current code page (1252)
C:\Users\Vavan_228\source\repos\19.09.2023\19.09.2023\19.09.2023.cpp(73,13): warning C4566: character represented by universal-character-name '\u0439' cannot be represented in the current code page (1252)
C:\Users\Vavan_228\source\repos\19.09.2023\19.09.2023\19.09.2023.cpp(73,13): warning C4566: character represented by universal-character-name '\u043A' cannot be represented in the current code page (1252)
C:\Users\Vavan_228\source\repos\19.09.2023\19.09.2023\19.09.2023.cpp(73,13): warning C4566: character represented by universal-character-name '\u0440' cannot be represented in the current code page (1252)
C:\Users\Vavan_228\source\repos\19.09.2023\19.09.2023\19.09.2023.cpp(73,13): warning C4566: character represented by universal-character-name '\u0449' cannot be represented in the current code page (1252)
C:\Users\Vavan_228\source\repos\19.09.2023\19.09.2023\19.09.2023.cpp(73,13): warning C4566: character represented by universal-character-name '\u0438' cannot be represented in the current code page (1252)
C:\Users\Vavan_228\source\repos\19.09.2023\19.09.2023\19.09.2023.cpp(73,13): warning C4566: character represented by universal-character-name '\u0441' cannot be represented in the current code page (1252)
C:\Users\Vavan_228\source\repos\19.09.2023\19.09.2023\19.09.2023.cpp(73,13): warning C4566: character represented by universal-character-name '\u0442' cannot be represented in the current code page (1252)
C:\Users\Vavan_228\source\repos\19.09.2023\19.09.2023\19.09.2023.cpp(73,13): warning C4566: character represented by universal-character-name '\u0443' cannot be represented in the current code page (1252)
C:\Users\Vavan_228\source\repos\19.09.2023\19.09.2023\19.09.2023.cpp(73,13): warning C4566: character represented by universal-character-name '\u0434' cannot be represented in the current code page (1252)
C:\Users\Vavan_228\source\repos\19.09.2023\19.09.2023\19.09.2023.cpp(73,13): warning C4566: character represented by universal-character-name '\u0435' cannot be represented in the current code page (1252)
C:\Users\Vavan_228\source\repos\19.09.2023\19.09.2023\19.09.2023.cpp(73,13): warning C4566: character represented by universal-character-name '\u043D' cannot be represented in the current code page (1252)
C:\Users\Vavan_228\source\repos\19.09.2023\19.09.2023\19.09.2023.cpp(73,66): error C2039: 'getName': is not a member of 'Student'
C:\Users\Vavan_228\source\repos\19.09.2023\19.09.2023\19.09.2023.cpp(16,7): message : see declaration of 'Student'
C:\Users\Vavan_228\source\repos\19.09.2023\19.09.2023\19.09.2023.cpp(76,13): warning C4566: character represented by universal-character-name '\u0421' cannot be represented in the current code page (1252)
C:\Users\Vavan_228\source\repos\19.09.2023\19.09.2023\19.09.2023.cpp(76,13): warning C4566: character represented by universal-character-name '\u0435' cannot be represented in the current code page (1252)
C:\Users\Vavan_228\source\repos\19.09.2023\19.09.2023\19.09.2023.cpp(76,13): warning C4566: character represented by universal-character-name '\u0440' cannot be represented in the current code page (1252)
C:\Users\Vavan_228\source\repos\19.09.2023\19.09.2023\19.09.2023.cpp(76,13): warning C4566: character represented by universal-character-name '\u0434' cannot be represented in the current code page (1252)
C:\Users\Vavan_228\source\repos\19.09.2023\19.09.2023\19.09.2023.cpp(76,13): warning C4566: character represented by universal-character-name '\u043D' cannot be represented in the current code page (1252)
C:\Users\Vavan_228\source\repos\19.09.2023\19.09.2023\19.09.2023.cpp(76,13): warning C4566: character represented by universal-character-name '\u044F' cannot be represented in the current code page (1252)
C:\Users\Vavan_228\source\repos\19.09.2023\19.09.2023\19.09.2023.cpp(76,13): warning C4566: character represented by universal-character-name '\u043E' cannot be represented in the current code page (1252)
C:\Users\Vavan_228\source\repos\19.09.2023\19.09.2023\19.09.2023.cpp(76,13): warning C4566: character represented by universal-character-name '\u0446' cannot be represented in the current code page (1252)
C:\Users\Vavan_228\source\repos\19.09.2023\19.09.2023\19.09.2023.cpp(76,13): warning C4566: character represented by universal-character-name '\u0456' cannot be represented in the current code page (1252)
C:\Users\Vavan_228\source\repos\19.09.2023\19.09.2023\19.09.2023.cpp(76,13): warning C4566: character represented by universal-character-name '\u043A' cannot be represented in the current code page (1252)
C:\Users\Vavan_228\source\repos\19.09.2023\19.09.2023\19.09.2023.cpp(76,13): warning C4566: character represented by universal-character-name '\u0430' cannot be represented in the current code page (1252)
C:\Users\Vavan_228\source\repos\19.09.2023\19.09.2023\19.09.2023.cpp(76,13): warning C4566: character represented by universal-character-name '\u043B' cannot be represented in the current code page (1252)
C:\Users\Vavan_228\source\repos\19.09.2023\19.09.2023\19.09.2023.cpp(76,13): warning C4566: character represented by universal-character-name '\u0441' cannot be represented in the current code page (1252)
C:\Users\Vavan_228\source\repos\19.09.2023\19.09.2023\19.09.2023.cpp(76,13): warning C4566: character represented by universal-character-name '\u0443' cannot be represented in the current code page (1252)
