  14.09.2023.cpp
C:\Users\Vavan_228\source\repos\14.09.2023\14.09.2023\14.09.2023.cpp(52,21): warning C4566: character represented by universal-character-name '\u041D' cannot be represented in the current code page (1252)
C:\Users\Vavan_228\source\repos\14.09.2023\14.09.2023\14.09.2023.cpp(52,21): warning C4566: character represented by universal-character-name '\u0435' cannot be represented in the current code page (1252)
C:\Users\Vavan_228\source\repos\14.09.2023\14.09.2023\14.09.2023.cpp(52,21): warning C4566: character represented by universal-character-name '\u043F' cannot be represented in the current code page (1252)
C:\Users\Vavan_228\source\repos\14.09.2023\14.09.2023\14.09.2023.cpp(52,21): warning C4566: character represented by universal-character-name '\u0440' cannot be represented in the current code page (1252)
C:\Users\Vavan_228\source\repos\14.09.2023\14.09.2023\14.09.2023.cpp(52,21): warning C4566: character represented by universal-character-name '\u0430' cannot be represented in the current code page (1252)
C:\Users\Vavan_228\source\repos\14.09.2023\14.09.2023\14.09.2023.cpp(52,21): warning C4566: character represented by universal-character-name '\u0432' cannot be represented in the current code page (1252)
C:\Users\Vavan_228\source\repos\14.09.2023\14.09.2023\14.09.2023.cpp(52,21): warning C4566: character represented by universal-character-name '\u0438' cannot be represented in the current code page (1252)
C:\Users\Vavan_228\source\repos\14.09.2023\14.09.2023\14.09.2023.cpp(52,21): warning C4566: character represented by universal-character-name '\u043B' cannot be represented in the current code page (1252)
C:\Users\Vavan_228\source\repos\14.09.2023\14.09.2023\14.09.2023.cpp(52,21): warning C4566: character represented by universal-character-name '\u044C' cannot be represented in the current code page (1252)
C:\Users\Vavan_228\source\repos\14.09.2023\14.09.2023\14.09.2023.cpp(52,21): warning C4566: character represented by universal-character-name '\u043D' cannot be represented in the current code page (1252)
C:\Users\Vavan_228\source\repos\14.09.2023\14.09.2023\14.09.2023.cpp(52,21): warning C4566: character represented by universal-character-name '\u043E' cannot be represented in the current code page (1252)
C:\Users\Vavan_228\source\repos\14.09.2023\14.09.2023\14.09.2023.cpp(52,21): warning C4566: character represented by universal-character-name '\u0437' cannot be represented in the current code page (1252)
C:\Users\Vavan_228\source\repos\14.09.2023\14.09.2023\14.09.2023.cpp(52,21): warning C4566: character represented by universal-character-name '\u0448' cannot be represented in the current code page (1252)
C:\Users\Vavan_228\source\repos\14.09.2023\14.09.2023\14.09.2023.cpp(52,21): warning C4566: character represented by universal-character-name '\u044F' cannot be represented in the current code page (1252)
C:\Users\Vavan_228\source\repos\14.09.2023\14.09.2023\14.09.2023.cpp(52,21): warning C4566: character represented by universal-character-name '\u0444' cannot be represented in the current code page (1252)
C:\Users\Vavan_228\source\repos\14.09.2023\14.09.2023\14.09.2023.cpp(52,21): warning C4566: character represented by universal-character-name '\u0439' cannot be represented in the current code page (1252)
C:\Users\Vavan_228\source\repos\14.09.2023\14.09.2023\14.09.2023.cpp(52,21): warning C4566: character represented by universal-character-name '\u0443' cannot be represented in the current code page (1252)
C:\Users\Vavan_228\source\repos\14.09.2023\14.09.2023\14.09.2023.cpp(52,21): warning C4566: character represented by universal-character-name '\u0414' cannot be represented in the current code page (1252)
C:\Users\Vavan_228\source\repos\14.09.2023\14.09.2023\14.09.2023.cpp(52,21): warning C4566: character represented by universal-character-name '\u0441' cannot be represented in the current code page (1252)
C:\Users\Vavan_228\source\repos\14.09.2023\14.09.2023\14.09.2023.cpp(52,21): warning C4566: character represented by universal-character-name '\u0442' cannot be represented in the current code page (1252)
C:\Users\Vavan_228\source\repos\14.09.2023\14.09.2023\14.09.2023.cpp(52,21): warning C4566: character represented by universal-character-name '\u043C' cannot be represented in the current code page (1252)
C:\Users\Vavan_228\source\repos\14.09.2023\14.09.2023\14.09.2023.cpp(52,21): warning C4566: character represented by universal-character-name '\u0456' cannot be represented in the current code page (1252)
C:\Users\Vavan_228\source\repos\14.09.2023\14.09.2023\14.09.2023.cpp(61,13): warning C4566: character represented by universal-character-name '\u041F' cannot be represented in the current code page (1252)
C:\Users\Vavan_228\source\repos\14.09.2023\14.09.2023\14.09.2023.cpp(61,13): warning C4566: character represented by universal-character-name '\u043E' cannot be represented in the current code page (1252)
C:\Users\Vavan_228\source\repos\14.09.2023\14.09.2023\14.09.2023.cpp(61,13): warning C4566: character represented by universal-character-name '\u0447' cannot be represented in the current code page (1252)
C:\Users\Vavan_228\source\repos\14.09.2023\14.09.2023\14.09.2023.cpp(61,13): warning C4566: character represented by universal-character-name '\u0430' cannot be represented in the current code page (1252)
C:\Users\Vavan_228\source\repos\14.09.2023\14.09.2023\14.09.2023.cpp(61,13): warning C4566: character represented by universal-character-name '\u0442' cannot be represented in the current code page (1252)
C:\Users\Vavan_228\source\repos\14.09.2023\14.09.2023\14.09.2023.cpp(61,13): warning C4566: character represented by universal-character-name '\u043A' cannot be represented in the current code page (1252)
C:\Users\Vavan_228\source\repos\14.09.2023\14.09.2023\14.09.2023.cpp(61,13): warning C4566: character represented by universal-character-name '\u0432' cannot be represented in the current code page (1252)
C:\Users\Vavan_228\source\repos\14.09.2023\14.09.2023\14.09.2023.cpp(61,13): warning C4566: character represented by universal-character-name '\u0435' cannot be represented in the current code page (1252)
C:\Users\Vavan_228\source\repos\14.09.2023\14.09.2023\14.09.2023.cpp(61,13): warning C4566: character represented by universal-character-name '\u0456' cannot be represented in the current code page (1252)
C:\Users\Vavan_228\source\repos\14.09.2023\14.09.2023\14.09.2023.cpp(61,13): warning C4566: character represented by universal-character-name '\u043C' cannot be represented in the current code page (1252)
C:\Users\Vavan_228\source\repos\14.09.2023\14.09.2023\14.09.2023.cpp(61,13): warning C4566: character represented by universal-character-name '\u044F' cannot be represented in the current code page (1252)
C:\Users\Vavan_228\source\repos\14.09.2023\14.09.2023\14.09.2023.cpp(64,13): warning C4566: character represented by universal-character-name '\u0417' cannot be represented in the current code page (1252)
C:\Users\Vavan_228\source\repos\14.09.2023\14.09.2023\14.09.2023.cpp(64,13): warning C4566: character represented by universal-character-name '\u043C' cannot be represented in the current code page (1252)
C:\Users\Vavan_228\source\repos\14.09.2023\14.09.2023\14.09.2023.cpp(64,13): warning C4566: character represented by universal-character-name '\u0456' cannot be represented in the current code page (1252)
C:\Users\Vavan_228\source\repos\14.09.2023\14.09.2023\14.09.2023.cpp(64,13): warning C4566: character represented by universal-character-name '\u043D' cannot be represented in the current code page (1252)
C:\Users\Vavan_228\source\repos\14.09.2023\14.09.2023\14.09.2023.cpp(64,13): warning C4566: character represented by universal-character-name '\u0435' cannot be represented in the current code page (1252)
C:\Users\Vavan_228\source\repos\14.09.2023\14.09.2023\14.09.2023.cpp(64,13): warning C4566: character represented by universal-character-name '\u044F' cannot be represented in the current code page (1252)
C:\Users\Vavan_228\source\repos\14.09.2023\14.09.2023\14.09.2023.cpp(67,13): warning C4566: character represented by universal-character-name '\u0417' cannot be represented in the current code page (1252)
C:\Users\Vavan_228\source\repos\14.09.2023\14.09.2023\14.09.2023.cpp(67,13): warning C4566: character represented by universal-character-name '\u043C' cannot be represented in the current code page (1252)
C:\Users\Vavan_228\source\repos\14.09.2023\14.09.2023\14.09.2023.cpp(67,13): warning C4566: character represented by universal-character-name '\u0456' cannot be represented in the current code page (1252)
C:\Users\Vavan_228\source\repos\14.09.2023\14.09.2023\14.09.2023.cpp(67,13): warning C4566: character represented by universal-character-name '\u043D' cannot be represented in the current code page (1252)
C:\Users\Vavan_228\source\repos\14.09.2023\14.09.2023\14.09.2023.cpp(67,13): warning C4566: character represented by universal-character-name '\u0435' cannot be represented in the current code page (1252)
C:\Users\Vavan_228\source\repos\14.09.2023\14.09.2023\14.09.2023.cpp(67,13): warning C4566: character represented by universal-character-name '\u0440' cannot be represented in the current code page (1252)
C:\Users\Vavan_228\source\repos\14.09.2023\14.09.2023\14.09.2023.cpp(67,13): warning C4566: character represented by universal-character-name '\u043E' cannot be represented in the current code page (1252)
C:\Users\Vavan_228\source\repos\14.09.2023\14.09.2023\14.09.2023.cpp(67,13): warning C4566: character represented by universal-character-name '\u0437' cannot be represented in the current code page (1252)
C:\Users\Vavan_228\source\repos\14.09.2023\14.09.2023\14.09.2023.cpp(67,13): warning C4566: character represented by universal-character-name '\u0448' cannot be represented in the current code page (1252)
C:\Users\Vavan_228\source\repos\14.09.2023\14.09.2023\14.09.2023.cpp(67,13): warning C4566: character represented by universal-character-name '\u0438' cannot be represented in the current code page (1252)
C:\Users\Vavan_228\source\repos\14.09.2023\14.09.2023\14.09.2023.cpp(67,13): warning C4566: character represented by universal-character-name '\u044F' cannot be represented in the current code page (1252)
  14.09.2023.vcxproj -> C:\Users\Vavan_228\source\repos\14.09.2023\x64\Debug\14.09.2023.exe
