  21.09.2023.cpp
C:\Users\Vavan_228\source\repos\21.09.2023\21.09.2023\21.09.2023.cpp(25,21): warning C4566: character represented by universal-character-name '\u041F' cannot be represented in the current code page (1252)
C:\Users\Vavan_228\source\repos\21.09.2023\21.09.2023\21.09.2023.cpp(25,21): warning C4566: character represented by universal-character-name '\u043E' cannot be represented in the current code page (1252)
C:\Users\Vavan_228\source\repos\21.09.2023\21.09.2023\21.09.2023.cpp(25,21): warning C4566: character represented by universal-character-name '\u043B' cannot be represented in the current code page (1252)
C:\Users\Vavan_228\source\repos\21.09.2023\21.09.2023\21.09.2023.cpp(25,21): warning C4566: character represented by universal-character-name '\u0436' cannot be represented in the current code page (1252)
C:\Users\Vavan_228\source\repos\21.09.2023\21.09.2023\21.09.2023.cpp(25,21): warning C4566: character represented by universal-character-name '\u0435' cannot be represented in the current code page (1252)
C:\Users\Vavan_228\source\repos\21.09.2023\21.09.2023\21.09.2023.cpp(25,21): warning C4566: character represented by universal-character-name '\u043D' cannot be represented in the current code page (1252)
C:\Users\Vavan_228\source\repos\21.09.2023\21.09.2023\21.09.2023.cpp(25,54): warning C4566: character represented by universal-character-name '\u043D' cannot be represented in the current code page (1252)
C:\Users\Vavan_228\source\repos\21.09.2023\21.09.2023\21.09.2023.cpp(25,54): warning C4566: character represented by universal-character-name '\u0430' cannot be represented in the current code page (1252)
C:\Users\Vavan_228\source\repos\21.09.2023\21.09.2023\21.09.2023.cpp(25,54): warning C4566: character represented by universal-character-name '\u0440' cannot be represented in the current code page (1252)
C:\Users\Vavan_228\source\repos\21.09.2023\21.09.2023\21.09.2023.cpp(25,54): warning C4566: character represented by universal-character-name '\u0445' cannot be represented in the current code page (1252)
C:\Users\Vavan_228\source\repos\21.09.2023\21.09.2023\21.09.2023.cpp(25,54): warning C4566: character represented by universal-character-name '\u0443' cannot be represented in the current code page (1252)
C:\Users\Vavan_228\source\repos\21.09.2023\21.09.2023\21.09.2023.cpp(25,54): warning C4566: character represented by universal-character-name '\u043E' cannot be represented in the current code page (1252)
C:\Users\Vavan_228\source\repos\21.09.2023\21.09.2023\21.09.2023.cpp(25,54): warning C4566: character represented by universal-character-name '\u043A' cannot be represented in the current code page (1252)
C:\Users\Vavan_228\source\repos\21.09.2023\21.09.2023\21.09.2023.cpp(28,21): warning C4566: character represented by universal-character-name '\u041D' cannot be represented in the current code page (1252)
C:\Users\Vavan_228\source\repos\21.09.2023\21.09.2023\21.09.2023.cpp(28,21): warning C4566: character represented by universal-character-name '\u0435' cannot be represented in the current code page (1252)
C:\Users\Vavan_228\source\repos\21.09.2023\21.09.2023\21.09.2023.cpp(28,21): warning C4566: character represented by universal-character-name '\u0434' cannot be represented in the current code page (1252)
C:\Users\Vavan_228\source\repos\21.09.2023\21.09.2023\21.09.2023.cpp(28,21): warning C4566: character represented by universal-character-name '\u043E' cannot be represented in the current code page (1252)
C:\Users\Vavan_228\source\repos\21.09.2023\21.09.2023\21.09.2023.cpp(28,21): warning C4566: character represented by universal-character-name '\u0441' cannot be represented in the current code page (1252)
C:\Users\Vavan_228\source\repos\21.09.2023\21.09.2023\21.09.2023.cpp(28,21): warning C4566: character represented by universal-character-name '\u0442' cannot be represented in the current code page (1252)
C:\Users\Vavan_228\source\repos\21.09.2023\21.09.2023\21.09.2023.cpp(28,21): warning C4566: character represented by universal-character-name '\u0443' cannot be represented in the current code page (1252)
C:\Users\Vavan_228\source\repos\21.09.2023\21.09.2023\21.09.2023.cpp(28,21): warning C4566: character represented by universal-character-name '\u043F' cannot be represented in the current code page (1252)
C:\Users\Vavan_228\source\repos\21.09.2023\21.09.2023\21.09.2023.cpp(28,21): warning C4566: character represented by universal-character-name '\u043D' cannot be represented in the current code page (1252)
C:\Users\Vavan_228\source\repos\21.09.2023\21.09.2023\21.09.2023.cpp(28,21): warning C4566: character represented by universal-character-name '\u0430' cannot be represented in the current code page (1252)
C:\Users\Vavan_228\source\repos\21.09.2023\21.09.2023\21.09.2023.cpp(28,21): warning C4566: character represented by universal-character-name '\u043C' cannot be represented in the current code page (1252)
C:\Users\Vavan_228\source\repos\21.09.2023\21.09.2023\21.09.2023.cpp(28,21): warning C4566: character represented by universal-character-name '\u0437' cannot be represented in the current code page (1252)
C:\Users\Vavan_228\source\repos\21.09.2023\21.09.2023\21.09.2023.cpp(28,21): warning C4566: character represented by universal-character-name '\u0438' cannot be represented in the current code page (1252)
C:\Users\Vavan_228\source\repos\21.09.2023\21.09.2023\21.09.2023.cpp(35,21): warning C4566: character represented by universal-character-name '\u0412' cannot be represented in the current code page (1252)
C:\Users\Vavan_228\source\repos\21.09.2023\21.09.2023\21.09.2023.cpp(35,21): warning C4566: character represented by universal-character-name '\u0438' cannot be represented in the current code page (1252)
C:\Users\Vavan_228\source\repos\21.09.2023\21.09.2023\21.09.2023.cpp(35,21): warning C4566: character represented by universal-character-name '\u043B' cannot be represented in the current code page (1252)
C:\Users\Vavan_228\source\repos\21.09.2023\21.09.2023\21.09.2023.cpp(35,21): warning C4566: character represented by universal-character-name '\u0443' cannot be represented in the current code page (1252)
C:\Users\Vavan_228\source\repos\21.09.2023\21.09.2023\21.09.2023.cpp(35,21): warning C4566: character represented by universal-character-name '\u0447' cannot be represented in the current code page (1252)
C:\Users\Vavan_228\source\repos\21.09.2023\21.09.2023\21.09.2023.cpp(35,21): warning C4566: character represented by universal-character-name '\u0435' cannot be represented in the current code page (1252)
C:\Users\Vavan_228\source\repos\21.09.2023\21.09.2023\21.09.2023.cpp(35,21): warning C4566: character represented by universal-character-name '\u043D' cannot be represented in the current code page (1252)
C:\Users\Vavan_228\source\repos\21.09.2023\21.09.2023\21.09.2023.cpp(35,21): warning C4566: character represented by universal-character-name '\u043E' cannot be represented in the current code page (1252)
C:\Users\Vavan_228\source\repos\21.09.2023\21.09.2023\21.09.2023.cpp(35,54): warning C4566: character represented by universal-character-name '\u0437' cannot be represented in the current code page (1252)
C:\Users\Vavan_228\source\repos\21.09.2023\21.09.2023\21.09.2023.cpp(35,54): warning C4566: character represented by universal-character-name '\u0440' cannot be represented in the current code page (1252)
C:\Users\Vavan_228\source\repos\21.09.2023\21.09.2023\21.09.2023.cpp(35,54): warning C4566: character represented by universal-character-name '\u0430' cannot be represented in the current code page (1252)
C:\Users\Vavan_228\source\repos\21.09.2023\21.09.2023\21.09.2023.cpp(35,54): warning C4566: character represented by universal-character-name '\u0445' cannot be represented in the current code page (1252)
C:\Users\Vavan_228\source\repos\21.09.2023\21.09.2023\21.09.2023.cpp(35,54): warning C4566: character represented by universal-character-name '\u0443' cannot be represented in the current code page (1252)
C:\Users\Vavan_228\source\repos\21.09.2023\21.09.2023\21.09.2023.cpp(35,54): warning C4566: character represented by universal-character-name '\u043D' cannot be represented in the current code page (1252)
C:\Users\Vavan_228\source\repos\21.09.2023\21.09.2023\21.09.2023.cpp(35,54): warning C4566: character represented by universal-character-name '\u043A' cannot be represented in the current code page (1252)
C:\Users\Vavan_228\source\repos\21.09.2023\21.09.2023\21.09.2023.cpp(38,21): warning C4566: character represented by universal-character-name '\u041D' cannot be represented in the current code page (1252)
C:\Users\Vavan_228\source\repos\21.09.2023\21.09.2023\21.09.2023.cpp(38,21): warning C4566: character represented by universal-character-name '\u0435' cannot be represented in the current code page (1252)
C:\Users\Vavan_228\source\repos\21.09.2023\21.09.2023\21.09.2023.cpp(38,21): warning C4566: character represented by universal-character-name '\u0434' cannot be represented in the current code page (1252)
C:\Users\Vavan_228\source\repos\21.09.2023\21.09.2023\21.09.2023.cpp(38,21): warning C4566: character represented by universal-character-name '\u043E' cannot be represented in the current code page (1252)
C:\Users\Vavan_228\source\repos\21.09.2023\21.09.2023\21.09.2023.cpp(38,21): warning C4566: character represented by universal-character-name '\u0441' cannot be represented in the current code page (1252)
C:\Users\Vavan_228\source\repos\21.09.2023\21.09.2023\21.09.2023.cpp(38,21): warning C4566: character represented by universal-character-name '\u0442' cannot be represented in the current code page (1252)
C:\Users\Vavan_228\source\repos\21.09.2023\21.09.2023\21.09.2023.cpp(38,21): warning C4566: character represented by universal-character-name '\u0430' cannot be represented in the current code page (1252)
C:\Users\Vavan_228\source\repos\21.09.2023\21.09.2023\21.09.2023.cpp(38,21): warning C4566: character represented by universal-character-name '\u043D' cannot be represented in the current code page (1252)
C:\Users\Vavan_228\source\repos\21.09.2023\21.09.2023\21.09.2023.cpp(38,21): warning C4566: character represented by universal-character-name '\u044C' cannot be represented in the current code page (1252)
C:\Users\Vavan_228\source\repos\21.09.2023\21.09.2023\21.09.2023.cpp(38,21): warning C4566: character represented by universal-character-name '\u043A' cannot be represented in the current code page (1252)
C:\Users\Vavan_228\source\repos\21.09.2023\21.09.2023\21.09.2023.cpp(38,21): warning C4566: character represented by universal-character-name '\u0448' cannot be represented in the current code page (1252)
C:\Users\Vavan_228\source\repos\21.09.2023\21.09.2023\21.09.2023.cpp(38,21): warning C4566: character represented by universal-character-name '\u0456' cannot be represented in the current code page (1252)
C:\Users\Vavan_228\source\repos\21.09.2023\21.09.2023\21.09.2023.cpp(38,21): warning C4566: character represented by universal-character-name '\u0432' cannot be represented in the current code page (1252)
C:\Users\Vavan_228\source\repos\21.09.2023\21.09.2023\21.09.2023.cpp(38,21): warning C4566: character represented by universal-character-name '\u0431' cannot be represented in the current code page (1252)
C:\Users\Vavan_228\source\repos\21.09.2023\21.09.2023\21.09.2023.cpp(38,21): warning C4566: character represented by universal-character-name '\u0443' cannot be represented in the current code page (1252)
C:\Users\Vavan_228\source\repos\21.09.2023\21.09.2023\21.09.2023.cpp(38,21): warning C4566: character represented by universal-character-name '\u043F' cannot be represented in the current code page (1252)
C:\Users\Vavan_228\source\repos\21.09.2023\21.09.2023\21.09.2023.cpp(38,21): warning C4566: character represented by universal-character-name '\u043C' cannot be represented in the current code page (1252)
C:\Users\Vavan_228\source\repos\21.09.2023\21.09.2023\21.09.2023.cpp(38,21): warning C4566: character represented by universal-character-name '\u0437' cannot be represented in the current code page (1252)
C:\Users\Vavan_228\source\repos\21.09.2023\21.09.2023\21.09.2023.cpp(38,21): warning C4566: character represented by universal-character-name '\u044F' cannot be represented in the current code page (1252)
C:\Users\Vavan_228\source\repos\21.09.2023\21.09.2023\21.09.2023.cpp(47,17): warning C4566: character represented by universal-character-name '\u0406' cannot be represented in the current code page (1252)
C:\Users\Vavan_228\source\repos\21.09.2023\21.09.2023\21.09.2023.cpp(47,17): warning C4566: character represented by universal-character-name '\u043C' cannot be represented in the current code page (1252)
C:\Users\Vavan_228\source\repos\21.09.2023\21.09.2023\21.09.2023.cpp(47,17): warning C4566: character represented by universal-character-name '\u044F' cannot be represented in the current code page (1252)
C:\Users\Vavan_228\source\repos\21.09.2023\21.09.2023\21.09.2023.cpp(47,17): warning C4566: character represented by universal-character-name '\u0432' cannot be represented in the current code page (1252)
C:\Users\Vavan_228\source\repos\21.09.2023\21.09.2023\21.09.2023.cpp(47,17): warning C4566: character represented by universal-character-name '\u043B' cannot be represented in the current code page (1252)
C:\Users\Vavan_228\source\repos\21.09.2023\21.09.2023\21.09.2023.cpp(47,17): warning C4566: character represented by universal-character-name '\u0430' cannot be represented in the current code page (1252)
C:\Users\Vavan_228\source\repos\21.09.2023\21.09.2023\21.09.2023.cpp(47,17): warning C4566: character represented by universal-character-name '\u0441' cannot be represented in the current code page (1252)
C:\Users\Vavan_228\source\repos\21.09.2023\21.09.2023\21.09.2023.cpp(47,17): warning C4566: character represented by universal-character-name '\u043D' cannot be represented in the current code page (1252)
C:\Users\Vavan_228\source\repos\21.09.2023\21.09.2023\21.09.2023.cpp(47,17): warning C4566: character represented by universal-character-name '\u0438' cannot be represented in the current code page (1252)
C:\Users\Vavan_228\source\repos\21.09.2023\21.09.2023\21.09.2023.cpp(47,17): warning C4566: character represented by universal-character-name '\u043A' cannot be represented in the current code page (1252)
C:\Users\Vavan_228\source\repos\21.09.2023\21.09.2023\21.09.2023.cpp(48,17): warning C4566: character represented by universal-character-name '\u041D' cannot be represented in the current code page (1252)
C:\Users\Vavan_228\source\repos\21.09.2023\21.09.2023\21.09.2023.cpp(48,17): warning C4566: character represented by universal-character-name '\u043E' cannot be represented in the current code page (1252)
C:\Users\Vavan_228\source\repos\21.09.2023\21.09.2023\21.09.2023.cpp(48,17): warning C4566: character represented by universal-character-name '\u043C' cannot be represented in the current code page (1252)
C:\Users\Vavan_228\source\repos\21.09.2023\21.09.2023\21.09.2023.cpp(48,17): warning C4566: character represented by universal-character-name '\u0435' cannot be represented in the current code page (1252)
C:\Users\Vavan_228\source\repos\21.09.2023\21.09.2023\21.09.2023.cpp(48,17): warning C4566: character represented by universal-character-name '\u0440' cannot be represented in the current code page (1252)
C:\Users\Vavan_228\source\repos\21.09.2023\21.09.2023\21.09.2023.cpp(48,17): warning C4566: character represented by universal-character-name '\u0430' cannot be represented in the current code page (1252)
C:\Users\Vavan_228\source\repos\21.09.2023\21.09.2023\21.09.2023.cpp(48,17): warning C4566: character represented by universal-character-name '\u043A' cannot be represented in the current code page (1252)
C:\Users\Vavan_228\source\repos\21.09.2023\21.09.2023\21.09.2023.cpp(48,17): warning C4566: character represented by universal-character-name '\u0443' cannot be represented in the current code page (1252)
C:\Users\Vavan_228\source\repos\21.09.2023\21.09.2023\21.09.2023.cpp(48,17): warning C4566: character represented by universal-character-name '\u043D' cannot be represented in the current code page (1252)
C:\Users\Vavan_228\source\repos\21.09.2023\21.09.2023\21.09.2023.cpp(48,17): warning C4566: character represented by universal-character-name '\u0442' cannot be represented in the current code page (1252)
C:\Users\Vavan_228\source\repos\21.09.2023\21.09.2023\21.09.2023.cpp(49,17): warning C4566: character represented by universal-character-name '\u0411' cannot be represented in the current code page (1252)
C:\Users\Vavan_228\source\repos\21.09.2023\21.09.2023\21.09.2023.cpp(49,17): warning C4566: character represented by universal-character-name '\u0430' cannot be represented in the current code page (1252)
C:\Users\Vavan_228\source\repos\21.09.2023\21.09.2023\21.09.2023.cpp(49,17): warning C4566: character represented by universal-character-name '\u043B' cannot be represented in the current code page (1252)
C:\Users\Vavan_228\source\repos\21.09.2023\21.09.2023\21.09.2023.cpp(49,17): warning C4566: character represented by universal-character-name '\u043D' cannot be represented in the current code page (1252)
C:\Users\Vavan_228\source\repos\21.09.2023\21.09.2023\21.09.2023.cpp(49,17): warning C4566: character represented by universal-character-name '\u0441' cannot be represented in the current code page (1252)
C:\Users\Vavan_228\source\repos\21.09.2023\21.09.2023\21.09.2023.cpp(62,26): warning C4566: character represented by universal-character-name '\u0422' cannot be represented in the current code page (1252)
C:\Users\Vavan_228\source\repos\21.09.2023\21.09.2023\21.09.2023.cpp(62,26): warning C4566: character represented by universal-character-name '\u0430' cannot be represented in the current code page (1252)
C:\Users\Vavan_228\source\repos\21.09.2023\21.09.2023\21.09.2023.cpp(62,26): warning C4566: character represented by universal-character-name '\u0440' cannot be represented in the current code page (1252)
C:\Users\Vavan_228\source\repos\21.09.2023\21.09.2023\21.09.2023.cpp(62,26): warning C4566: character represented by universal-character-name '\u0441' cannot be represented in the current code page (1252)
C:\Users\Vavan_228\source\repos\21.09.2023\21.09.2023\21.09.2023.cpp(62,26): warning C4566: character represented by universal-character-name '\u0428' cannot be represented in the current code page (1252)
C:\Users\Vavan_228\source\repos\21.09.2023\21.09.2023\21.09.2023.cpp(62,26): warning C4566: character represented by universal-character-name '\u0435' cannot be represented in the current code page (1252)
C:\Users\Vavan_228\source\repos\21.09.2023\21.09.2023\21.09.2023.cpp(62,26): warning C4566: character represented by universal-character-name '\u0432' cannot be represented in the current code page (1252)
C:\Users\Vavan_228\source\repos\21.09.2023\21.09.2023\21.09.2023.cpp(62,26): warning C4566: character represented by universal-character-name '\u0447' cannot be represented in the current code page (1252)
C:\Users\Vavan_228\source\repos\21.09.2023\21.09.2023\21.09.2023.cpp(62,26): warning C4566: character represented by universal-character-name '\u043D' cannot be represented in the current code page (1252)
C:\Users\Vavan_228\source\repos\21.09.2023\21.09.2023\21.09.2023.cpp(62,26): warning C4566: character represented by universal-character-name '\u043A' cannot be represented in the current code page (1252)
C:\Users\Vavan_228\source\repos\21.09.2023\21.09.2023\21.09.2023.cpp(62,26): warning C4566: character represented by universal-character-name '\u043E' cannot be represented in the current code page (1252)
C:\Users\Vavan_228\source\repos\21.09.2023\21.09.2023\21.09.2023.cpp(63,26): warning C4566: character represented by universal-character-name '\u0412' cannot be represented in the current code page (1252)
C:\Users\Vavan_228\source\repos\21.09.2023\21.09.2023\21.09.2023.cpp(63,26): warning C4566: character represented by universal-character-name '\u043E' cannot be represented in the current code page (1252)
C:\Users\Vavan_228\source\repos\21.09.2023\21.09.2023\21.09.2023.cpp(63,26): warning C4566: character represented by universal-character-name '\u043B' cannot be represented in the current code page (1252)
C:\Users\Vavan_228\source\repos\21.09.2023\21.09.2023\21.09.2023.cpp(63,26): warning C4566: character represented by universal-character-name '\u0434' cannot be represented in the current code page (1252)
C:\Users\Vavan_228\source\repos\21.09.2023\21.09.2023\21.09.2023.cpp(63,26): warning C4566: character represented by universal-character-name '\u0438' cannot be represented in the current code page (1252)
C:\Users\Vavan_228\source\repos\21.09.2023\21.09.2023\21.09.2023.cpp(63,26): warning C4566: character represented by universal-character-name '\u043C' cannot be represented in the current code page (1252)
C:\Users\Vavan_228\source\repos\21.09.2023\21.09.2023\21.09.2023.cpp(63,26): warning C4566: character represented by universal-character-name '\u0440' cannot be represented in the current code page (1252)
C:\Users\Vavan_228\source\repos\21.09.2023\21.09.2023\21.09.2023.cpp(63,26): warning C4566: character represented by universal-character-name '\u041A' cannot be represented in the current code page (1252)
C:\Users\Vavan_228\source\repos\21.09.2023\21.09.2023\21.09.2023.cpp(63,26): warning C4566: character represented by universal-character-name '\u0430' cannot be represented in the current code page (1252)
C:\Users\Vavan_228\source\repos\21.09.2023\21.09.2023\21.09.2023.cpp(63,26): warning C4566: character represented by universal-character-name '\u0432' cannot be represented in the current code page (1252)
C:\Users\Vavan_228\source\repos\21.09.2023\21.09.2023\21.09.2023.cpp(63,26): warning C4566: character represented by universal-character-name '\u0447' cannot be represented in the current code page (1252)
C:\Users\Vavan_228\source\repos\21.09.2023\21.09.2023\21.09.2023.cpp(63,26): warning C4566: character represented by universal-character-name '\u0435' cannot be represented in the current code page (1252)
C:\Users\Vavan_228\source\repos\21.09.2023\21.09.2023\21.09.2023.cpp(63,26): warning C4566: character represented by universal-character-name '\u043D' cannot be represented in the current code page (1252)
C:\Users\Vavan_228\source\repos\21.09.2023\21.09.2023\21.09.2023.cpp(63,26): warning C4566: character represented by universal-character-name '\u043A' cannot be represented in the current code page (1252)
  21.09.2023.vcxproj -> C:\Users\Vavan_228\source\repos\21.09.2023\x64\Debug\21.09.2023.exe
