  19.10.2023.cpp
C:\Users\Vavan_228\source\repos\19.10.2023\19.10.2023\19.10.2023.cpp(11,24): warning C4566: character represented by universal-character-name '\u042F' cannot be represented in the current code page (1252)
C:\Users\Vavan_228\source\repos\19.10.2023\19.10.2023\19.10.2023.cpp(11,24): warning C4566: character represented by universal-character-name '\u043A' cannot be represented in the current code page (1252)
C:\Users\Vavan_228\source\repos\19.10.2023\19.10.2023\19.10.2023.cpp(11,24): warning C4566: character represented by universal-character-name '\u0438' cannot be represented in the current code page (1252)
C:\Users\Vavan_228\source\repos\19.10.2023\19.10.2023\19.10.2023.cpp(11,24): warning C4566: character represented by universal-character-name '\u0439' cannot be represented in the current code page (1252)
C:\Users\Vavan_228\source\repos\19.10.2023\19.10.2023\19.10.2023.cpp(11,24): warning C4566: character represented by universal-character-name '\u0444' cannot be represented in the current code page (1252)
C:\Users\Vavan_228\source\repos\19.10.2023\19.10.2023\19.10.2023.cpp(11,24): warning C4566: character represented by universal-character-name '\u0440' cannot be represented in the current code page (1252)
C:\Users\Vavan_228\source\repos\19.10.2023\19.10.2023\19.10.2023.cpp(11,24): warning C4566: character represented by universal-character-name '\u0443' cannot be represented in the current code page (1252)
C:\Users\Vavan_228\source\repos\19.10.2023\19.10.2023\19.10.2023.cpp(11,24): warning C4566: character represented by universal-character-name '\u0442' cannot be represented in the current code page (1252)
C:\Users\Vavan_228\source\repos\19.10.2023\19.10.2023\19.10.2023.cpp(11,24): warning C4566: character represented by universal-character-name '\u0454' cannot be represented in the current code page (1252)
C:\Users\Vavan_228\source\repos\19.10.2023\19.10.2023\19.10.2023.cpp(11,24): warning C4566: character represented by universal-character-name '\u0441' cannot be represented in the current code page (1252)
C:\Users\Vavan_228\source\repos\19.10.2023\19.10.2023\19.10.2023.cpp(11,24): warning C4566: character represented by universal-character-name '\u043C' cannot be represented in the current code page (1252)
C:\Users\Vavan_228\source\repos\19.10.2023\19.10.2023\19.10.2023.cpp(11,24): warning C4566: character represented by universal-character-name '\u0432' cannot be represented in the current code page (1252)
C:\Users\Vavan_228\source\repos\19.10.2023\19.10.2023\19.10.2023.cpp(11,24): warning C4566: character represented by universal-character-name '\u043E' cannot be represented in the current code page (1252)
C:\Users\Vavan_228\source\repos\19.10.2023\19.10.2023\19.10.2023.cpp(11,24): warning C4566: character represented by universal-character-name '\u043B' cannot be represented in the current code page (1252)
C:\Users\Vavan_228\source\repos\19.10.2023\19.10.2023\19.10.2023.cpp(11,24): warning C4566: character represented by universal-character-name '\u041D' cannot be represented in the current code page (1252)
C:\Users\Vavan_228\source\repos\19.10.2023\19.10.2023\19.10.2023.cpp(11,24): warning C4566: character represented by universal-character-name '\u044C' cannot be represented in the current code page (1252)
C:\Users\Vavan_228\source\repos\19.10.2023\19.10.2023\19.10.2023.cpp(11,24): warning C4566: character represented by universal-character-name '\u044E' cannot be represented in the current code page (1252)
C:\Users\Vavan_228\source\repos\19.10.2023\19.10.2023\19.10.2023.cpp(11,24): warning C4566: character represented by universal-character-name '\u043D' cannot be represented in the current code page (1252)
C:\Users\Vavan_228\source\repos\19.10.2023\19.10.2023\19.10.2023.cpp(11,24): warning C4566: character represented by universal-character-name '\u0430' cannot be represented in the current code page (1252)
C:\Users\Vavan_228\source\repos\19.10.2023\19.10.2023\19.10.2023.cpp(13,24): warning C4566: character represented by universal-character-name '\u042F' cannot be represented in the current code page (1252)
C:\Users\Vavan_228\source\repos\19.10.2023\19.10.2023\19.10.2023.cpp(13,24): warning C4566: character represented by universal-character-name '\u043A' cannot be represented in the current code page (1252)
C:\Users\Vavan_228\source\repos\19.10.2023\19.10.2023\19.10.2023.cpp(13,24): warning C4566: character represented by universal-character-name '\u0438' cannot be represented in the current code page (1252)
C:\Users\Vavan_228\source\repos\19.10.2023\19.10.2023\19.10.2023.cpp(13,24): warning C4566: character represented by universal-character-name '\u0439' cannot be represented in the current code page (1252)
C:\Users\Vavan_228\source\repos\19.10.2023\19.10.2023\19.10.2023.cpp(13,24): warning C4566: character represented by universal-character-name '\u0444' cannot be represented in the current code page (1252)
C:\Users\Vavan_228\source\repos\19.10.2023\19.10.2023\19.10.2023.cpp(13,24): warning C4566: character represented by universal-character-name '\u0440' cannot be represented in the current code page (1252)
C:\Users\Vavan_228\source\repos\19.10.2023\19.10.2023\19.10.2023.cpp(13,24): warning C4566: character represented by universal-character-name '\u0443' cannot be represented in the current code page (1252)
C:\Users\Vavan_228\source\repos\19.10.2023\19.10.2023\19.10.2023.cpp(13,24): warning C4566: character represented by universal-character-name '\u0442' cannot be represented in the current code page (1252)
C:\Users\Vavan_228\source\repos\19.10.2023\19.10.2023\19.10.2023.cpp(13,24): warning C4566: character represented by universal-character-name '\u043C' cannot be represented in the current code page (1252)
C:\Users\Vavan_228\source\repos\19.10.2023\19.10.2023\19.10.2023.cpp(13,24): warning C4566: character represented by universal-character-name '\u0430' cannot be represented in the current code page (1252)
C:\Users\Vavan_228\source\repos\19.10.2023\19.10.2023\19.10.2023.cpp(13,24): warning C4566: character represented by universal-character-name '\u0454' cannot be represented in the current code page (1252)
C:\Users\Vavan_228\source\repos\19.10.2023\19.10.2023\19.10.2023.cpp(13,24): warning C4566: character represented by universal-character-name '\u0447' cannot be represented in the current code page (1252)
C:\Users\Vavan_228\source\repos\19.10.2023\19.10.2023\19.10.2023.cpp(13,24): warning C4566: character represented by universal-character-name '\u0435' cannot be represented in the current code page (1252)
C:\Users\Vavan_228\source\repos\19.10.2023\19.10.2023\19.10.2023.cpp(13,24): warning C4566: character represented by universal-character-name '\u0432' cannot be represented in the current code page (1252)
C:\Users\Vavan_228\source\repos\19.10.2023\19.10.2023\19.10.2023.cpp(13,24): warning C4566: character represented by universal-character-name '\u043E' cannot be represented in the current code page (1252)
C:\Users\Vavan_228\source\repos\19.10.2023\19.10.2023\19.10.2023.cpp(13,24): warning C4566: character represented by universal-character-name '\u043D' cannot be represented in the current code page (1252)
C:\Users\Vavan_228\source\repos\19.10.2023\19.10.2023\19.10.2023.cpp(13,24): warning C4566: character represented by universal-character-name '\u0456' cannot be represented in the current code page (1252)
C:\Users\Vavan_228\source\repos\19.10.2023\19.10.2023\19.10.2023.cpp(13,24): warning C4566: character represented by universal-character-name '\u0436' cannot be represented in the current code page (1252)
C:\Users\Vavan_228\source\repos\19.10.2023\19.10.2023\19.10.2023.cpp(13,24): warning C4566: character represented by universal-character-name '\u0437' cannot be represented in the current code page (1252)
C:\Users\Vavan_228\source\repos\19.10.2023\19.10.2023\19.10.2023.cpp(13,24): warning C4566: character represented by universal-character-name '\u0434' cannot be represented in the current code page (1252)
C:\Users\Vavan_228\source\repos\19.10.2023\19.10.2023\19.10.2023.cpp(13,24): warning C4566: character represented by universal-character-name '\u0441' cannot be represented in the current code page (1252)
C:\Users\Vavan_228\source\repos\19.10.2023\19.10.2023\19.10.2023.cpp(13,24): warning C4566: character represented by universal-character-name '\u044C' cannot be represented in the current code page (1252)
C:\Users\Vavan_228\source\repos\19.10.2023\19.10.2023\19.10.2023.cpp(13,24): warning C4566: character represented by universal-character-name '\u044F' cannot be represented in the current code page (1252)
C:\Users\Vavan_228\source\repos\19.10.2023\19.10.2023\19.10.2023.cpp(13,24): warning C4566: character represented by universal-character-name '\u043B' cannot be represented in the current code page (1252)
C:\Users\Vavan_228\source\repos\19.10.2023\19.10.2023\19.10.2023.cpp(13,24): warning C4566: character represented by universal-character-name '\u0445' cannot be represented in the current code page (1252)
C:\Users\Vavan_228\source\repos\19.10.2023\19.10.2023\19.10.2023.cpp(15,24): warning C4566: character represented by universal-character-name '\u042F' cannot be represented in the current code page (1252)
C:\Users\Vavan_228\source\repos\19.10.2023\19.10.2023\19.10.2023.cpp(15,24): warning C4566: character represented by universal-character-name '\u043A' cannot be represented in the current code page (1252)
C:\Users\Vavan_228\source\repos\19.10.2023\19.10.2023\19.10.2023.cpp(15,24): warning C4566: character represented by universal-character-name '\u0438' cannot be represented in the current code page (1252)
C:\Users\Vavan_228\source\repos\19.10.2023\19.10.2023\19.10.2023.cpp(15,24): warning C4566: character represented by universal-character-name '\u0439' cannot be represented in the current code page (1252)
C:\Users\Vavan_228\source\repos\19.10.2023\19.10.2023\19.10.2023.cpp(15,24): warning C4566: character represented by universal-character-name '\u0444' cannot be represented in the current code page (1252)
C:\Users\Vavan_228\source\repos\19.10.2023\19.10.2023\19.10.2023.cpp(15,24): warning C4566: character represented by universal-character-name '\u0440' cannot be represented in the current code page (1252)
C:\Users\Vavan_228\source\repos\19.10.2023\19.10.2023\19.10.2023.cpp(15,24): warning C4566: character represented by universal-character-name '\u0443' cannot be represented in the current code page (1252)
C:\Users\Vavan_228\source\repos\19.10.2023\19.10.2023\19.10.2023.cpp(15,24): warning C4566: character represented by universal-character-name '\u0442' cannot be represented in the current code page (1252)
C:\Users\Vavan_228\source\repos\19.10.2023\19.10.2023\19.10.2023.cpp(15,24): warning C4566: character represented by universal-character-name '\u0432' cannot be represented in the current code page (1252)
C:\Users\Vavan_228\source\repos\19.10.2023\19.10.2023\19.10.2023.cpp(15,24): warning C4566: character represented by universal-character-name '\u043E' cannot be represented in the current code page (1252)
C:\Users\Vavan_228\source\repos\19.10.2023\19.10.2023\19.10.2023.cpp(15,24): warning C4566: character represented by universal-character-name '\u0449' cannot be represented in the current code page (1252)
C:\Users\Vavan_228\source\repos\19.10.2023\19.10.2023\19.10.2023.cpp(15,24): warning C4566: character represented by universal-character-name '\u0454' cannot be represented in the current code page (1252)
C:\Users\Vavan_228\source\repos\19.10.2023\19.10.2023\19.10.2023.cpp(15,24): warning C4566: character represented by universal-character-name '\u044C' cannot be represented in the current code page (1252)
C:\Users\Vavan_228\source\repos\19.10.2023\19.10.2023\19.10.2023.cpp(15,24): warning C4566: character represented by universal-character-name '\u0441' cannot be represented in the current code page (1252)
C:\Users\Vavan_228\source\repos\19.10.2023\19.10.2023\19.10.2023.cpp(15,24): warning C4566: character represented by universal-character-name '\u044F' cannot be represented in the current code page (1252)
C:\Users\Vavan_228\source\repos\19.10.2023\19.10.2023\19.10.2023.cpp(15,24): warning C4566: character represented by universal-character-name '\u043D' cannot be represented in the current code page (1252)
C:\Users\Vavan_228\source\repos\19.10.2023\19.10.2023\19.10.2023.cpp(15,24): warning C4566: character represented by universal-character-name '\u0430' cannot be represented in the current code page (1252)
C:\Users\Vavan_228\source\repos\19.10.2023\19.10.2023\19.10.2023.cpp(15,24): warning C4566: character represented by universal-character-name '\u043F' cannot be represented in the current code page (1252)
C:\Users\Vavan_228\source\repos\19.10.2023\19.10.2023\19.10.2023.cpp(15,24): warning C4566: character represented by universal-character-name '\u043B' cannot be represented in the current code page (1252)
C:\Users\Vavan_228\source\repos\19.10.2023\19.10.2023\19.10.2023.cpp(15,24): warning C4566: character represented by universal-character-name '\u043C' cannot be represented in the current code page (1252)
C:\Users\Vavan_228\source\repos\19.10.2023\19.10.2023\19.10.2023.cpp(15,24): warning C4566: character represented by universal-character-name '\u0456' cannot be represented in the current code page (1252)
C:\Users\Vavan_228\source\repos\19.10.2023\19.10.2023\19.10.2023.cpp(15,24): warning C4566: character represented by universal-character-name '\u0434' cannot be represented in the current code page (1252)
C:\Users\Vavan_228\source\repos\19.10.2023\19.10.2023\19.10.2023.cpp(15,24): warning C4566: character represented by universal-character-name '\u0431' cannot be represented in the current code page (1252)
C:\Users\Vavan_228\source\repos\19.10.2023\19.10.2023\19.10.2023.cpp(15,24): warning C4566: character represented by universal-character-name '\u0446' cannot be represented in the current code page (1252)
C:\Users\Vavan_228\source\repos\19.10.2023\19.10.2023\19.10.2023.cpp(15,24): warning C4566: character represented by universal-character-name '\u0457' cannot be represented in the current code page (1252)
C:\Users\Vavan_228\source\repos\19.10.2023\19.10.2023\19.10.2023.cpp(17,24): warning C4566: character represented by universal-character-name '\u042F' cannot be represented in the current code page (1252)
C:\Users\Vavan_228\source\repos\19.10.2023\19.10.2023\19.10.2023.cpp(17,24): warning C4566: character represented by universal-character-name '\u043A' cannot be represented in the current code page (1252)
C:\Users\Vavan_228\source\repos\19.10.2023\19.10.2023\19.10.2023.cpp(17,24): warning C4566: character represented by universal-character-name '\u0438' cannot be represented in the current code page (1252)
C:\Users\Vavan_228\source\repos\19.10.2023\19.10.2023\19.10.2023.cpp(17,24): warning C4566: character represented by universal-character-name '\u0439' cannot be represented in the current code page (1252)
C:\Users\Vavan_228\source\repos\19.10.2023\19.10.2023\19.10.2023.cpp(17,24): warning C4566: character represented by universal-character-name '\u0444' cannot be represented in the current code page (1252)
C:\Users\Vavan_228\source\repos\19.10.2023\19.10.2023\19.10.2023.cpp(17,24): warning C4566: character represented by universal-character-name '\u0440' cannot be represented in the current code page (1252)
C:\Users\Vavan_228\source\repos\19.10.2023\19.10.2023\19.10.2023.cpp(17,24): warning C4566: character represented by universal-character-name '\u0443' cannot be represented in the current code page (1252)
C:\Users\Vavan_228\source\repos\19.10.2023\19.10.2023\19.10.2023.cpp(17,24): warning C4566: character represented by universal-character-name '\u0442' cannot be represented in the current code page (1252)
C:\Users\Vavan_228\source\repos\19.10.2023\19.10.2023\19.10.2023.cpp(17,24): warning C4566: character represented by universal-character-name '\u0437' cannot be represented in the current code page (1252)
C:\Users\Vavan_228\source\repos\19.10.2023\19.10.2023\19.10.2023.cpp(17,24): warning C4566: character represented by universal-character-name '\u0430' cannot be represented in the current code page (1252)
C:\Users\Vavan_228\source\repos\19.10.2023\19.10.2023\19.10.2023.cpp(17,24): warning C4566: character represented by universal-character-name '\u0432' cannot be represented in the current code page (1252)
C:\Users\Vavan_228\source\repos\19.10.2023\19.10.2023\19.10.2023.cpp(17,24): warning C4566: character represented by universal-character-name '\u0447' cannot be represented in the current code page (1252)
C:\Users\Vavan_228\source\repos\19.10.2023\19.10.2023\19.10.2023.cpp(17,24): warning C4566: character represented by universal-character-name '\u043E' cannot be represented in the current code page (1252)
C:\Users\Vavan_228\source\repos\19.10.2023\19.10.2023\19.10.2023.cpp(17,24): warning C4566: character represented by universal-character-name '\u0441' cannot be represented in the current code page (1252)
C:\Users\Vavan_228\source\repos\19.10.2023\19.10.2023\19.10.2023.cpp(17,24): warning C4566: character represented by universal-character-name '\u0454' cannot be represented in the current code page (1252)
C:\Users\Vavan_228\source\repos\19.10.2023\19.10.2023\19.10.2023.cpp(17,24): warning C4566: character represented by universal-character-name '\u044C' cannot be represented in the current code page (1252)
C:\Users\Vavan_228\source\repos\19.10.2023\19.10.2023\19.10.2023.cpp(17,24): warning C4566: character represented by universal-character-name '\u044F' cannot be represented in the current code page (1252)
C:\Users\Vavan_228\source\repos\19.10.2023\19.10.2023\19.10.2023.cpp(17,24): warning C4566: character represented by universal-character-name '\u0434' cannot be represented in the current code page (1252)
C:\Users\Vavan_228\source\repos\19.10.2023\19.10.2023\19.10.2023.cpp(17,24): warning C4566: character represented by universal-character-name '\u043B' cannot be represented in the current code page (1252)
C:\Users\Vavan_228\source\repos\19.10.2023\19.10.2023\19.10.2023.cpp(17,24): warning C4566: character represented by universal-character-name '\u043F' cannot be represented in the current code page (1252)
C:\Users\Vavan_228\source\repos\19.10.2023\19.10.2023\19.10.2023.cpp(17,24): warning C4566: character represented by universal-character-name '\u0433' cannot be represented in the current code page (1252)
C:\Users\Vavan_228\source\repos\19.10.2023\19.10.2023\19.10.2023.cpp(17,24): warning C4566: character represented by universal-character-name '\u043D' cannot be represented in the current code page (1252)
C:\Users\Vavan_228\source\repos\19.10.2023\19.10.2023\19.10.2023.cpp(17,24): warning C4566: character represented by universal-character-name '\u0435' cannot be represented in the current code page (1252)
C:\Users\Vavan_228\source\repos\19.10.2023\19.10.2023\19.10.2023.cpp(19,24): warning C4566: character represented by universal-character-name '\u042F' cannot be represented in the current code page (1252)
C:\Users\Vavan_228\source\repos\19.10.2023\19.10.2023\19.10.2023.cpp(19,24): warning C4566: character represented by universal-character-name '\u043A' cannot be represented in the current code page (1252)
C:\Users\Vavan_228\source\repos\19.10.2023\19.10.2023\19.10.2023.cpp(19,24): warning C4566: character represented by universal-character-name '\u0438' cannot be represented in the current code page (1252)
C:\Users\Vavan_228\source\repos\19.10.2023\19.10.2023\19.10.2023.cpp(19,24): warning C4566: character represented by universal-character-name '\u0439' cannot be represented in the current code page (1252)
C:\Users\Vavan_228\source\repos\19.10.2023\19.10.2023\19.10.2023.cpp(19,24): warning C4566: character represented by universal-character-name '\u0444' cannot be represented in the current code page (1252)
C:\Users\Vavan_228\source\repos\19.10.2023\19.10.2023\19.10.2023.cpp(19,24): warning C4566: character represented by universal-character-name '\u0440' cannot be represented in the current code page (1252)
C:\Users\Vavan_228\source\repos\19.10.2023\19.10.2023\19.10.2023.cpp(19,24): warning C4566: character represented by universal-character-name '\u0443' cannot be represented in the current code page (1252)
C:\Users\Vavan_228\source\repos\19.10.2023\19.10.2023\19.10.2023.cpp(19,24): warning C4566: character represented by universal-character-name '\u0442' cannot be represented in the current code page (1252)
C:\Users\Vavan_228\source\repos\19.10.2023\19.10.2023\19.10.2023.cpp(19,24): warning C4566: character represented by universal-character-name '\u0434' cannot be represented in the current code page (1252)
C:\Users\Vavan_228\source\repos\19.10.2023\19.10.2023\19.10.2023.cpp(19,24): warning C4566: character represented by universal-character-name '\u0436' cannot be represented in the current code page (1252)
C:\Users\Vavan_228\source\repos\19.10.2023\19.10.2023\19.10.2023.cpp(19,24): warning C4566: character represented by universal-character-name '\u0435' cannot be represented in the current code page (1252)
C:\Users\Vavan_228\source\repos\19.10.2023\19.10.2023\19.10.2023.cpp(19,24): warning C4566: character represented by universal-character-name '\u0441' cannot be represented in the current code page (1252)
C:\Users\Vavan_228\source\repos\19.10.2023\19.10.2023\19.10.2023.cpp(19,24): warning C4566: character represented by universal-character-name '\u043B' cannot be represented in the current code page (1252)
C:\Users\Vavan_228\source\repos\19.10.2023\19.10.2023\19.10.2023.cpp(19,24): warning C4566: character represented by universal-character-name '\u0456' cannot be represented in the current code page (1252)
C:\Users\Vavan_228\source\repos\19.10.2023\19.10.2023\19.10.2023.cpp(19,24): warning C4566: character represented by universal-character-name '\u0432' cannot be represented in the current code page (1252)
C:\Users\Vavan_228\source\repos\19.10.2023\19.10.2023\19.10.2023.cpp(19,24): warning C4566: character represented by universal-character-name '\u043E' cannot be represented in the current code page (1252)
C:\Users\Vavan_228\source\repos\19.10.2023\19.10.2023\19.10.2023.cpp(19,24): warning C4566: character represented by universal-character-name '\u0454' cannot be represented in the current code page (1252)
C:\Users\Vavan_228\source\repos\19.10.2023\19.10.2023\19.10.2023.cpp(19,24): warning C4566: character represented by universal-character-name '\u044C' cannot be represented in the current code page (1252)
C:\Users\Vavan_228\source\repos\19.10.2023\19.10.2023\19.10.2023.cpp(19,24): warning C4566: character represented by universal-character-name '\u044F' cannot be represented in the current code page (1252)
C:\Users\Vavan_228\source\repos\19.10.2023\19.10.2023\19.10.2023.cpp(19,24): warning C4566: character represented by universal-character-name '\u043F' cannot be represented in the current code page (1252)
C:\Users\Vavan_228\source\repos\19.10.2023\19.10.2023\19.10.2023.cpp(19,24): warning C4566: character represented by universal-character-name '\u0433' cannot be represented in the current code page (1252)
C:\Users\Vavan_228\source\repos\19.10.2023\19.10.2023\19.10.2023.cpp(19,24): warning C4566: character represented by universal-character-name '\u0430' cannot be represented in the current code page (1252)
C:\Users\Vavan_228\source\repos\19.10.2023\19.10.2023\19.10.2023.cpp(19,24): warning C4566: character represented by universal-character-name '\u043D' cannot be represented in the current code page (1252)
C:\Users\Vavan_228\source\repos\19.10.2023\19.10.2023\19.10.2023.cpp(19,24): warning C4566: character represented by universal-character-name '\u043C' cannot be represented in the current code page (1252)
C:\Users\Vavan_228\source\repos\19.10.2023\19.10.2023\19.10.2023.cpp(21,24): warning C4566: character represented by universal-character-name '\u042F' cannot be represented in the current code page (1252)
C:\Users\Vavan_228\source\repos\19.10.2023\19.10.2023\19.10.2023.cpp(21,24): warning C4566: character represented by universal-character-name '\u043A' cannot be represented in the current code page (1252)
C:\Users\Vavan_228\source\repos\19.10.2023\19.10.2023\19.10.2023.cpp(21,24): warning C4566: character represented by universal-character-name '\u0438' cannot be represented in the current code page (1252)
C:\Users\Vavan_228\source\repos\19.10.2023\19.10.2023\19.10.2023.cpp(21,24): warning C4566: character represented by universal-character-name '\u0439' cannot be represented in the current code page (1252)
C:\Users\Vavan_228\source\repos\19.10.2023\19.10.2023\19.10.2023.cpp(21,24): warning C4566: character represented by universal-character-name '\u0444' cannot be represented in the current code page (1252)
C:\Users\Vavan_228\source\repos\19.10.2023\19.10.2023\19.10.2023.cpp(21,24): warning C4566: character represented by universal-character-name '\u0440' cannot be represented in the current code page (1252)
C:\Users\Vavan_228\source\repos\19.10.2023\19.10.2023\19.10.2023.cpp(21,24): warning C4566: character represented by universal-character-name '\u0443' cannot be represented in the current code page (1252)
C:\Users\Vavan_228\source\repos\19.10.2023\19.10.2023\19.10.2023.cpp(21,24): warning C4566: character represented by universal-character-name '\u0442' cannot be represented in the current code page (1252)
C:\Users\Vavan_228\source\repos\19.10.2023\19.10.2023\19.10.2023.cpp(21,24): warning C4566: character represented by universal-character-name '\u0437' cannot be represented in the current code page (1252)
C:\Users\Vavan_228\source\repos\19.10.2023\19.10.2023\19.10.2023.cpp(21,24): warning C4566: character represented by universal-character-name '\u0430' cannot be represented in the current code page (1252)
C:\Users\Vavan_228\source\repos\19.10.2023\19.10.2023\19.10.2023.cpp(21,24): warning C4566: character represented by universal-character-name '\u0432' cannot be represented in the current code page (1252)
C:\Users\Vavan_228\source\repos\19.10.2023\19.10.2023\19.10.2023.cpp(21,24): warning C4566: character represented by universal-character-name '\u0447' cannot be represented in the current code page (1252)
C:\Users\Vavan_228\source\repos\19.10.2023\19.10.2023\19.10.2023.cpp(21,24): warning C4566: character represented by universal-character-name '\u043E' cannot be represented in the current code page (1252)
C:\Users\Vavan_228\source\repos\19.10.2023\19.10.2023\19.10.2023.cpp(21,24): warning C4566: character represented by universal-character-name '\u0441' cannot be represented in the current code page (1252)
C:\Users\Vavan_228\source\repos\19.10.2023\19.10.2023\19.10.2023.cpp(21,24): warning C4566: character represented by universal-character-name '\u0454' cannot be represented in the current code page (1252)
C:\Users\Vavan_228\source\repos\19.10.2023\19.10.2023\19.10.2023.cpp(21,24): warning C4566: character represented by universal-character-name '\u044C' cannot be represented in the current code page (1252)
C:\Users\Vavan_228\source\repos\19.10.2023\19.10.2023\19.10.2023.cpp(21,24): warning C4566: character represented by universal-character-name '\u044F' cannot be represented in the current code page (1252)
C:\Users\Vavan_228\source\repos\19.10.2023\19.10.2023\19.10.2023.cpp(21,24): warning C4566: character represented by universal-character-name '\u0434' cannot be represented in the current code page (1252)
C:\Users\Vavan_228\source\repos\19.10.2023\19.10.2023\19.10.2023.cpp(21,24): warning C4566: character represented by universal-character-name '\u043B' cannot be represented in the current code page (1252)
C:\Users\Vavan_228\source\repos\19.10.2023\19.10.2023\19.10.2023.cpp(21,24): warning C4566: character represented by universal-character-name '\u043F' cannot be represented in the current code page (1252)
C:\Users\Vavan_228\source\repos\19.10.2023\19.10.2023\19.10.2023.cpp(21,24): warning C4566: character represented by universal-character-name '\u0433' cannot be represented in the current code page (1252)
C:\Users\Vavan_228\source\repos\19.10.2023\19.10.2023\19.10.2023.cpp(21,24): warning C4566: character represented by universal-character-name '\u043D' cannot be represented in the current code page (1252)
C:\Users\Vavan_228\source\repos\19.10.2023\19.10.2023\19.10.2023.cpp(21,24): warning C4566: character represented by universal-character-name '\u043C' cannot be represented in the current code page (1252)
C:\Users\Vavan_228\source\repos\19.10.2023\19.10.2023\19.10.2023.cpp(21,24): warning C4566: character represented by universal-character-name '\u0435' cannot be represented in the current code page (1252)
C:\Users\Vavan_228\source\repos\19.10.2023\19.10.2023\19.10.2023.cpp(23,24): warning C4566: character represented by universal-character-name '\u042F' cannot be represented in the current code page (1252)
C:\Users\Vavan_228\source\repos\19.10.2023\19.10.2023\19.10.2023.cpp(23,24): warning C4566: character represented by universal-character-name '\u043A' cannot be represented in the current code page (1252)
C:\Users\Vavan_228\source\repos\19.10.2023\19.10.2023\19.10.2023.cpp(23,24): warning C4566: character represented by universal-character-name '\u0438' cannot be represented in the current code page (1252)
C:\Users\Vavan_228\source\repos\19.10.2023\19.10.2023\19.10.2023.cpp(23,24): warning C4566: character represented by universal-character-name '\u0439' cannot be represented in the current code page (1252)
C:\Users\Vavan_228\source\repos\19.10.2023\19.10.2023\19.10.2023.cpp(23,24): warning C4566: character represented by universal-character-name '\u0444' cannot be represented in the current code page (1252)
C:\Users\Vavan_228\source\repos\19.10.2023\19.10.2023\19.10.2023.cpp(23,24): warning C4566: character represented by universal-character-name '\u0440' cannot be represented in the current code page (1252)
C:\Users\Vavan_228\source\repos\19.10.2023\19.10.2023\19.10.2023.cpp(23,24): warning C4566: character represented by universal-character-name '\u0443' cannot be represented in the current code page (1252)
C:\Users\Vavan_228\source\repos\19.10.2023\19.10.2023\19.10.2023.cpp(23,24): warning C4566: character represented by universal-character-name '\u0442' cannot be represented in the current code page (1252)
C:\Users\Vavan_228\source\repos\19.10.2023\19.10.2023\19.10.2023.cpp(23,24): warning C4566: character represented by universal-character-name '\u0454' cannot be represented in the current code page (1252)
C:\Users\Vavan_228\source\repos\19.10.2023\19.10.2023\19.10.2023.cpp(23,24): warning C4566: character represented by universal-character-name '\u0441' cannot be represented in the current code page (1252)
C:\Users\Vavan_228\source\repos\19.10.2023\19.10.2023\19.10.2023.cpp(23,24): warning C4566: character represented by universal-character-name '\u043C' cannot be represented in the current code page (1252)
C:\Users\Vavan_228\source\repos\19.10.2023\19.10.2023\19.10.2023.cpp(23,24): warning C4566: character represented by universal-character-name '\u0432' cannot be represented in the current code page (1252)
C:\Users\Vavan_228\source\repos\19.10.2023\19.10.2023\19.10.2023.cpp(23,24): warning C4566: character represented by universal-character-name '\u043E' cannot be represented in the current code page (1252)
C:\Users\Vavan_228\source\repos\19.10.2023\19.10.2023\19.10.2023.cpp(23,24): warning C4566: character represented by universal-character-name '\u043B' cannot be represented in the current code page (1252)
C:\Users\Vavan_228\source\repos\19.10.2023\19.10.2023\19.10.2023.cpp(23,24): warning C4566: character represented by universal-character-name '\u043F' cannot be represented in the current code page (1252)
C:\Users\Vavan_228\source\repos\19.10.2023\19.10.2023\19.10.2023.cpp(23,24): warning C4566: character represented by universal-character-name '\u0456' cannot be represented in the current code page (1252)
C:\Users\Vavan_228\source\repos\19.10.2023\19.10.2023\19.10.2023.cpp(23,24): warning C4566: character represented by universal-character-name '\u0447' cannot be represented in the current code page (1252)
C:\Users\Vavan_228\source\repos\19.10.2023\19.10.2023\19.10.2023.cpp(23,24): warning C4566: character represented by universal-character-name '\u0430' cannot be represented in the current code page (1252)
C:\Users\Vavan_228\source\repos\19.10.2023\19.10.2023\19.10.2023.cpp(23,24): warning C4566: character represented by universal-character-name '\u0437' cannot be represented in the current code page (1252)
C:\Users\Vavan_228\source\repos\19.10.2023\19.10.2023\19.10.2023.cpp(23,24): warning C4566: character represented by universal-character-name '\u0431' cannot be represented in the current code page (1252)
C:\Users\Vavan_228\source\repos\19.10.2023\19.10.2023\19.10.2023.cpp(23,24): warning C4566: character represented by universal-character-name '\u0436' cannot be represented in the current code page (1252)
C:\Users\Vavan_228\source\repos\19.10.2023\19.10.2023\19.10.2023.cpp(23,24): warning C4566: character represented by universal-character-name '\u044C' cannot be represented in the current code page (1252)
C:\Users\Vavan_228\source\repos\19.10.2023\19.10.2023\19.10.2023.cpp(23,24): warning C4566: character represented by universal-character-name '\u044F' cannot be represented in the current code page (1252)
C:\Users\Vavan_228\source\repos\19.10.2023\19.10.2023\19.10.2023.cpp(23,24): warning C4566: character represented by universal-character-name '\u043D' cannot be represented in the current code page (1252)
C:\Users\Vavan_228\source\repos\19.10.2023\19.10.2023\19.10.2023.cpp(23,24): warning C4566: character represented by universal-character-name '\u0434' cannot be represented in the current code page (1252)
C:\Users\Vavan_228\source\repos\19.10.2023\19.10.2023\19.10.2023.cpp(23,24): warning C4566: character represented by universal-character-name '\u0445' cannot be represented in the current code page (1252)
C:\Users\Vavan_228\source\repos\19.10.2023\19.10.2023\19.10.2023.cpp(25,24): warning C4566: character represented by universal-character-name '\u042F' cannot be represented in the current code page (1252)
C:\Users\Vavan_228\source\repos\19.10.2023\19.10.2023\19.10.2023.cpp(25,24): warning C4566: character represented by universal-character-name '\u043A' cannot be represented in the current code page (1252)
C:\Users\Vavan_228\source\repos\19.10.2023\19.10.2023\19.10.2023.cpp(25,24): warning C4566: character represented by universal-character-name '\u0438' cannot be represented in the current code page (1252)
C:\Users\Vavan_228\source\repos\19.10.2023\19.10.2023\19.10.2023.cpp(25,24): warning C4566: character represented by universal-character-name '\u0439' cannot be represented in the current code page (1252)
C:\Users\Vavan_228\source\repos\19.10.2023\19.10.2023\19.10.2023.cpp(25,24): warning C4566: character represented by universal-character-name '\u0444' cannot be represented in the current code page (1252)
C:\Users\Vavan_228\source\repos\19.10.2023\19.10.2023\19.10.2023.cpp(25,24): warning C4566: character represented by universal-character-name '\u0440' cannot be represented in the current code page (1252)
C:\Users\Vavan_228\source\repos\19.10.2023\19.10.2023\19.10.2023.cpp(25,24): warning C4566: character represented by universal-character-name '\u0443' cannot be represented in the current code page (1252)
C:\Users\Vavan_228\source\repos\19.10.2023\19.10.2023\19.10.2023.cpp(25,24): warning C4566: character represented by universal-character-name '\u0442' cannot be represented in the current code page (1252)
C:\Users\Vavan_228\source\repos\19.10.2023\19.10.2023\19.10.2023.cpp(25,24): warning C4566: character represented by universal-character-name '\u043C' cannot be represented in the current code page (1252)
C:\Users\Vavan_228\source\repos\19.10.2023\19.10.2023\19.10.2023.cpp(25,24): warning C4566: character represented by universal-character-name '\u0430' cannot be represented in the current code page (1252)
C:\Users\Vavan_228\source\repos\19.10.2023\19.10.2023\19.10.2023.cpp(25,24): warning C4566: character represented by universal-character-name '\u0454' cannot be represented in the current code page (1252)
C:\Users\Vavan_228\source\repos\19.10.2023\19.10.2023\19.10.2023.cpp(25,24): warning C4566: character represented by universal-character-name '\u0432' cannot be represented in the current code page (1252)
C:\Users\Vavan_228\source\repos\19.10.2023\19.10.2023\19.10.2023.cpp(25,24): warning C4566: character represented by universal-character-name '\u0435' cannot be represented in the current code page (1252)
C:\Users\Vavan_228\source\repos\19.10.2023\19.10.2023\19.10.2023.cpp(25,24): warning C4566: character represented by universal-character-name '\u0434' cannot be represented in the current code page (1252)
C:\Users\Vavan_228\source\repos\19.10.2023\19.10.2023\19.10.2023.cpp(25,24): warning C4566: character represented by universal-character-name '\u0456' cannot be represented in the current code page (1252)
C:\Users\Vavan_228\source\repos\19.10.2023\19.10.2023\19.10.2023.cpp(25,24): warning C4566: character represented by universal-character-name '\u0441' cannot be represented in the current code page (1252)
C:\Users\Vavan_228\source\repos\19.10.2023\19.10.2023\19.10.2023.cpp(25,24): warning C4566: character represented by universal-character-name '\u043E' cannot be represented in the current code page (1252)
C:\Users\Vavan_228\source\repos\19.10.2023\19.10.2023\19.10.2023.cpp(25,24): warning C4566: character represented by universal-character-name '\u0436' cannot be represented in the current code page (1252)
C:\Users\Vavan_228\source\repos\19.10.2023\19.10.2023\19.10.2023.cpp(25,24): warning C4566: character represented by universal-character-name '\u044F' cannot be represented in the current code page (1252)
C:\Users\Vavan_228\source\repos\19.10.2023\19.10.2023\19.10.2023.cpp(25,24): warning C4566: character represented by universal-character-name '\u0437' cannot be represented in the current code page (1252)
C:\Users\Vavan_228\source\repos\19.10.2023\19.10.2023\19.10.2023.cpp(25,24): warning C4566: character represented by universal-character-name '\u0447' cannot be represented in the current code page (1252)
C:\Users\Vavan_228\source\repos\19.10.2023\19.10.2023\19.10.2023.cpp(25,24): warning C4566: character represented by universal-character-name '\u043D' cannot be represented in the current code page (1252)
C:\Users\Vavan_228\source\repos\19.10.2023\19.10.2023\19.10.2023.cpp(27,24): warning C4566: character represented by universal-character-name '\u042F' cannot be represented in the current code page (1252)
C:\Users\Vavan_228\source\repos\19.10.2023\19.10.2023\19.10.2023.cpp(27,24): warning C4566: character represented by universal-character-name '\u043A' cannot be represented in the current code page (1252)
C:\Users\Vavan_228\source\repos\19.10.2023\19.10.2023\19.10.2023.cpp(27,24): warning C4566: character represented by universal-character-name '\u0438' cannot be represented in the current code page (1252)
C:\Users\Vavan_228\source\repos\19.10.2023\19.10.2023\19.10.2023.cpp(27,24): warning C4566: character represented by universal-character-name '\u0439' cannot be represented in the current code page (1252)
C:\Users\Vavan_228\source\repos\19.10.2023\19.10.2023\19.10.2023.cpp(27,24): warning C4566: character represented by universal-character-name '\u0444' cannot be represented in the current code page (1252)
C:\Users\Vavan_228\source\repos\19.10.2023\19.10.2023\19.10.2023.cpp(27,24): warning C4566: character represented by universal-character-name '\u0440' cannot be represented in the current code page (1252)
C:\Users\Vavan_228\source\repos\19.10.2023\19.10.2023\19.10.2023.cpp(27,24): warning C4566: character represented by universal-character-name '\u0443' cannot be represented in the current code page (1252)
C:\Users\Vavan_228\source\repos\19.10.2023\19.10.2023\19.10.2023.cpp(27,24): warning C4566: character represented by universal-character-name '\u0442' cannot be represented in the current code page (1252)
C:\Users\Vavan_228\source\repos\19.10.2023\19.10.2023\19.10.2023.cpp(27,24): warning C4566: character represented by universal-character-name '\u0449' cannot be represented in the current code page (1252)
C:\Users\Vavan_228\source\repos\19.10.2023\19.10.2023\19.10.2023.cpp(27,24): warning C4566: character represented by universal-character-name '\u043E' cannot be represented in the current code page (1252)
C:\Users\Vavan_228\source\repos\19.10.2023\19.10.2023\19.10.2023.cpp(27,24): warning C4566: character represented by universal-character-name '\u043C' cannot be represented in the current code page (1252)
C:\Users\Vavan_228\source\repos\19.10.2023\19.10.2023\19.10.2023.cpp(27,24): warning C4566: character represented by universal-character-name '\u0430' cannot be represented in the current code page (1252)
C:\Users\Vavan_228\source\repos\19.10.2023\19.10.2023\19.10.2023.cpp(27,24): warning C4566: character represented by universal-character-name '\u0454' cannot be represented in the current code page (1252)
C:\Users\Vavan_228\source\repos\19.10.2023\19.10.2023\19.10.2023.cpp(27,24): warning C4566: character represented by universal-character-name '\u0433' cannot be represented in the current code page (1252)
C:\Users\Vavan_228\source\repos\19.10.2023\19.10.2023\19.10.2023.cpp(27,24): warning C4566: character represented by universal-character-name '\u0441' cannot be represented in the current code page (1252)
C:\Users\Vavan_228\source\repos\19.10.2023\19.10.2023\19.10.2023.cpp(27,24): warning C4566: character represented by universal-character-name '\u0447' cannot be represented in the current code page (1252)
C:\Users\Vavan_228\source\repos\19.10.2023\19.10.2023\19.10.2023.cpp(27,24): warning C4566: character represented by universal-character-name '\u0432' cannot be represented in the current code page (1252)
C:\Users\Vavan_228\source\repos\19.10.2023\19.10.2023\19.10.2023.cpp(27,24): warning C4566: character represented by universal-character-name '\u044C' cannot be represented in the current code page (1252)
C:\Users\Vavan_228\source\repos\19.10.2023\19.10.2023\19.10.2023.cpp(27,24): warning C4566: character represented by universal-character-name '\u044F' cannot be represented in the current code page (1252)
C:\Users\Vavan_228\source\repos\19.10.2023\19.10.2023\19.10.2023.cpp(27,24): warning C4566: character represented by universal-character-name '\u0448' cannot be represented in the current code page (1252)
C:\Users\Vavan_228\source\repos\19.10.2023\19.10.2023\19.10.2023.cpp(27,24): warning C4566: character represented by universal-character-name '\u0456' cannot be represented in the current code page (1252)
C:\Users\Vavan_228\source\repos\19.10.2023\19.10.2023\19.10.2023.cpp(27,24): warning C4566: character represented by universal-character-name '\u043F' cannot be represented in the current code page (1252)
C:\Users\Vavan_228\source\repos\19.10.2023\19.10.2023\19.10.2023.cpp(27,24): warning C4566: character represented by universal-character-name '\u043D' cannot be represented in the current code page (1252)
C:\Users\Vavan_228\source\repos\19.10.2023\19.10.2023\19.10.2023.cpp(27,24): warning C4566: character represented by universal-character-name '\u0445' cannot be represented in the current code page (1252)
C:\Users\Vavan_228\source\repos\19.10.2023\19.10.2023\19.10.2023.cpp(29,22): warning C4566: character represented by universal-character-name '\u042F' cannot be represented in the current code page (1252)
C:\Users\Vavan_228\source\repos\19.10.2023\19.10.2023\19.10.2023.cpp(29,22): warning C4566: character represented by universal-character-name '\u0431' cannot be represented in the current code page (1252)
C:\Users\Vavan_228\source\repos\19.10.2023\19.10.2023\19.10.2023.cpp(29,22): warning C4566: character represented by universal-character-name '\u043B' cannot be represented in the current code page (1252)
C:\Users\Vavan_228\source\repos\19.10.2023\19.10.2023\19.10.2023.cpp(29,22): warning C4566: character represented by universal-character-name '\u0443' cannot be represented in the current code page (1252)
C:\Users\Vavan_228\source\repos\19.10.2023\19.10.2023\19.10.2023.cpp(29,22): warning C4566: character represented by universal-character-name '\u043A' cannot be represented in the current code page (1252)
C:\Users\Vavan_228\source\repos\19.10.2023\19.10.2023\19.10.2023.cpp(29,22): warning C4566: character represented by universal-character-name '\u043E' cannot be represented in the current code page (1252)
C:\Users\Vavan_228\source\repos\19.10.2023\19.10.2023\19.10.2023.cpp(29,38): warning C4566: character represented by universal-character-name '\u041F' cannot be represented in the current code page (1252)
C:\Users\Vavan_228\source\repos\19.10.2023\19.10.2023\19.10.2023.cpp(29,38): warning C4566: character represented by universal-character-name '\u0435' cannot be represented in the current code page (1252)
C:\Users\Vavan_228\source\repos\19.10.2023\19.10.2023\19.10.2023.cpp(29,38): warning C4566: character represented by universal-character-name '\u0440' cannot be represented in the current code page (1252)
C:\Users\Vavan_228\source\repos\19.10.2023\19.10.2023\19.10.2023.cpp(29,38): warning C4566: character represented by universal-character-name '\u0441' cannot be represented in the current code page (1252)
C:\Users\Vavan_228\source\repos\19.10.2023\19.10.2023\19.10.2023.cpp(29,38): warning C4566: character represented by universal-character-name '\u0438' cannot be represented in the current code page (1252)
C:\Users\Vavan_228\source\repos\19.10.2023\19.10.2023\19.10.2023.cpp(29,38): warning C4566: character represented by universal-character-name '\u043A' cannot be represented in the current code page (1252)
C:\Users\Vavan_228\source\repos\19.10.2023\19.10.2023\19.10.2023.cpp(29,54): warning C4566: character represented by universal-character-name '\u041A' cannot be represented in the current code page (1252)
C:\Users\Vavan_228\source\repos\19.10.2023\19.10.2023\19.10.2023.cpp(29,54): warning C4566: character represented by universal-character-name '\u043E' cannot be represented in the current code page (1252)
C:\Users\Vavan_228\source\repos\19.10.2023\19.10.2023\19.10.2023.cpp(29,54): warning C4566: character represented by universal-character-name '\u043A' cannot be represented in the current code page (1252)
C:\Users\Vavan_228\source\repos\19.10.2023\19.10.2023\19.10.2023.cpp(29,54): warning C4566: character represented by universal-character-name '\u0441' cannot be represented in the current code page (1252)
C:\Users\Vavan_228\source\repos\19.10.2023\19.10.2023\19.10.2023.cpp(29,68): warning C4566: character represented by universal-character-name '\u0410' cannot be represented in the current code page (1252)
C:\Users\Vavan_228\source\repos\19.10.2023\19.10.2023\19.10.2023.cpp(29,68): warning C4566: character represented by universal-character-name '\u043F' cannot be represented in the current code page (1252)
C:\Users\Vavan_228\source\repos\19.10.2023\19.10.2023\19.10.2023.cpp(29,68): warning C4566: character represented by universal-character-name '\u0435' cannot be represented in the current code page (1252)
C:\Users\Vavan_228\source\repos\19.10.2023\19.10.2023\19.10.2023.cpp(29,68): warning C4566: character represented by universal-character-name '\u043B' cannot be represented in the current code page (1252)
C:\Users\Vavan_228\source\repos\19.10.2023\19.10.2023\19.10.2023.cpp(29,68): warning C4566: character represented by universal-character-name '\u044C' cannot be represented in the current code page (1252)
C:\Users\Vavan_228\source\repos\19.10.2023\19.10.2023\19.10.2023.cpp(29,68): warning C4566: character represented by universal-character-name '\u0441' cannot be represented in the current code page (1252)
C:\Users\Vavan_228\source\repos\19.10.2023\19.10.2023\19.10.2023.cpp(29,68): warning C4566: character represented by universal-character-name '\u0438' cannot be represented in the current code page (1252)
C:\Users\Vavan_228\source\repos\19.10.2023\19.10.2023\19.10.2023.cpp(29,68): warning C4566: character represented by universal-character-name '\u043D' cannot be represented in the current code page (1252)
C:\Users\Vavan_228\source\repos\19.10.2023\19.10.2023\19.10.2023.cpp(29,88): warning C4566: character represented by universal-character-name '\u041B' cannot be represented in the current code page (1252)
C:\Users\Vavan_228\source\repos\19.10.2023\19.10.2023\19.10.2023.cpp(29,88): warning C4566: character represented by universal-character-name '\u0438' cannot be represented in the current code page (1252)
C:\Users\Vavan_228\source\repos\19.10.2023\19.10.2023\19.10.2023.cpp(29,88): warning C4566: character represented by universal-character-name '\u043C' cannot be represented in the current code page (1252)
C:\Users\Vavan_228\source\repos\19.10.2023\19.10.2023\19.10.2023.cpp(29,88): warning C4566: character represented by universal-character-name '\u043E' cannot be represented in the current code page (1252)
C:\Users\Vavan_228\source\repos\19.10.2023\19.10.2023\19.10.2023.cpp(29,88): warning C4566: character represented by universal-character-name '\u043D' cannot be represented in the current code page (1252)
C:\Users\Vavan_228\source\repos\19.10.2023\19.10.2023\19.10.2023.cpp(29,102): warning C4566: character represented by universal-character-name '\u0410' cannot be represented in the current code page (1252)
C:\Users\Vavan_228\source\repos\19.10.2023\19.10.2023\19.10.2023.cpp(29,102): warning C4566: character represented by universal-character-name '\u0432' cannot be represented in the current code page (1252)
C:\Users\Vavan_228\source\repos\19.10.2023\19.10.2023\19.10.2023.cpp(29,102): warning C4566: character represented by universal-character-name '\u043E' cannot be represented in the current code page (1252)
C:\Users\Vavan_228\source\repos\19.10.2023\19.10.2023\19.10.2023.cpp(29,102): warning C4566: character represented by universal-character-name '\u043A' cannot be represented in the current code page (1252)
C:\Users\Vavan_228\source\repos\19.10.2023\19.10.2023\19.10.2023.cpp(29,102): warning C4566: character represented by universal-character-name '\u0430' cannot be represented in the current code page (1252)
C:\Users\Vavan_228\source\repos\19.10.2023\19.10.2023\19.10.2023.cpp(29,102): warning C4566: character represented by universal-character-name '\u0434' cannot be represented in the current code page (1252)
C:\Users\Vavan_228\source\repos\19.10.2023\19.10.2023\19.10.2023.cpp(29,120): warning C4566: character represented by universal-character-name '\u041F' cannot be represented in the current code page (1252)
C:\Users\Vavan_228\source\repos\19.10.2023\19.10.2023\19.10.2023.cpp(29,120): warning C4566: character represented by universal-character-name '\u0430' cannot be represented in the current code page (1252)
C:\Users\Vavan_228\source\repos\19.10.2023\19.10.2023\19.10.2023.cpp(29,120): warning C4566: character represented by universal-character-name '\u043B' cannot be represented in the current code page (1252)
C:\Users\Vavan_228\source\repos\19.10.2023\19.10.2023\19.10.2023.cpp(29,120): warning C4566: character represented by universal-character-name '\u044C' cannot be represented in the current code page (1252)
C:\Users\Vavan_228\source\repos\19.10.2023\19.10.2023\19.10.2023.cpp(29,120): warning C4566: character represented by universal-character-name '\u043C' cannot be represented in the current code page (1252)
C:\Users\Vavan_228\source\repos\19.10.2023\19.10.2023\19.10.2023.cpp(29,136): warning C4566: character represented by universal-character-name '\u0413' cannot be represented in the current code page (1252)
C:\Users\Vavan_228\source\repos\19.10.2023\19.10.2023\19.10.2023.cpp(29,136): warning C4566: character represented by universal-character-name '\u0440' cannot be represented in the current code page (1252)
C:\Users\Vavan_228\source\repos\19.10.2023\19.10.2023\19.10.2023.cpp(29,136): warning C4566: character represented by universal-character-name '\u0430' cannot be represented in the current code page (1252)
C:\Users\Vavan_228\source\repos\19.10.2023\19.10.2023\19.10.2023.cpp(29,136): warning C4566: character represented by universal-character-name '\u043D' cannot be represented in the current code page (1252)
C:\Users\Vavan_228\source\repos\19.10.2023\19.10.2023\19.10.2023.cpp(29,136): warning C4566: character represented by universal-character-name '\u0442' cannot be represented in the current code page (1252)
C:\Users\Vavan_228\source\repos\19.10.2023\19.10.2023\19.10.2023.cpp(29,152): warning C4566: character represented by universal-character-name '\u0406' cannot be represented in the current code page (1252)
C:\Users\Vavan_228\source\repos\19.10.2023\19.10.2023\19.10.2023.cpp(29,152): warning C4566: character represented by universal-character-name '\u043C' cannot be represented in the current code page (1252)
C:\Users\Vavan_228\source\repos\19.10.2023\19.10.2023\19.10.2023.cpp(29,152): warning C4566: character represented by universal-character-name '\u0431' cannot be represented in the current code page (1252)
C:\Users\Vavan_228\source\repos\19.10.2023\19.10.2023\19.10.2023.cpp(29,152): warning C4566: character represented by universal-character-name '\u0456' cannot be represented in the current code page (1252)
C:\Users\Vavan_228\source\repos\19.10.2023\19.10.2023\19.10.2023.cpp(29,152): warning C4566: character represented by universal-character-name '\u0440' cannot be represented in the current code page (1252)
C:\Users\Vavan_228\source\repos\19.10.2023\19.10.2023\19.10.2023.cpp(91,20): warning C4267: 'initializing': conversion from 'size_t' to 'int', possible loss of data
  19.10.2023.vcxproj -> C:\Users\Vavan_228\source\repos\19.10.2023\x64\Debug\19.10.2023.exe
