  26.10.2023.cpp
C:\Users\Vavan_228\source\repos\26.10.2023\26.10.2023\26.10.2023.cpp(10,24): warning C4566: character represented by universal-character-name '\u042F' cannot be represented in the current code page (1252)
C:\Users\Vavan_228\source\repos\26.10.2023\26.10.2023\26.10.2023.cpp(10,24): warning C4566: character represented by universal-character-name '\u043A' cannot be represented in the current code page (1252)
C:\Users\Vavan_228\source\repos\26.10.2023\26.10.2023\26.10.2023.cpp(10,24): warning C4566: character represented by universal-character-name '\u0438' cannot be represented in the current code page (1252)
C:\Users\Vavan_228\source\repos\26.10.2023\26.10.2023\26.10.2023.cpp(10,24): warning C4566: character represented by universal-character-name '\u0439' cannot be represented in the current code page (1252)
C:\Users\Vavan_228\source\repos\26.10.2023\26.10.2023\26.10.2023.cpp(10,24): warning C4566: character represented by universal-character-name '\u0444' cannot be represented in the current code page (1252)
C:\Users\Vavan_228\source\repos\26.10.2023\26.10.2023\26.10.2023.cpp(10,24): warning C4566: character represented by universal-character-name '\u0440' cannot be represented in the current code page (1252)
C:\Users\Vavan_228\source\repos\26.10.2023\26.10.2023\26.10.2023.cpp(10,24): warning C4566: character represented by universal-character-name '\u0443' cannot be represented in the current code page (1252)
C:\Users\Vavan_228\source\repos\26.10.2023\26.10.2023\26.10.2023.cpp(10,24): warning C4566: character represented by universal-character-name '\u0442' cannot be represented in the current code page (1252)
C:\Users\Vavan_228\source\repos\26.10.2023\26.10.2023\26.10.2023.cpp(10,24): warning C4566: character represented by universal-character-name '\u0454' cannot be represented in the current code page (1252)
C:\Users\Vavan_228\source\repos\26.10.2023\26.10.2023\26.10.2023.cpp(10,24): warning C4566: character represented by universal-character-name '\u0441' cannot be represented in the current code page (1252)
C:\Users\Vavan_228\source\repos\26.10.2023\26.10.2023\26.10.2023.cpp(10,24): warning C4566: character represented by universal-character-name '\u043C' cannot be represented in the current code page (1252)
C:\Users\Vavan_228\source\repos\26.10.2023\26.10.2023\26.10.2023.cpp(10,24): warning C4566: character represented by universal-character-name '\u0432' cannot be represented in the current code page (1252)
C:\Users\Vavan_228\source\repos\26.10.2023\26.10.2023\26.10.2023.cpp(10,24): warning C4566: character represented by universal-character-name '\u043E' cannot be represented in the current code page (1252)
C:\Users\Vavan_228\source\repos\26.10.2023\26.10.2023\26.10.2023.cpp(10,24): warning C4566: character represented by universal-character-name '\u043B' cannot be represented in the current code page (1252)
C:\Users\Vavan_228\source\repos\26.10.2023\26.10.2023\26.10.2023.cpp(10,24): warning C4566: character represented by universal-character-name '\u041D' cannot be represented in the current code page (1252)
C:\Users\Vavan_228\source\repos\26.10.2023\26.10.2023\26.10.2023.cpp(10,24): warning C4566: character represented by universal-character-name '\u044C' cannot be represented in the current code page (1252)
C:\Users\Vavan_228\source\repos\26.10.2023\26.10.2023\26.10.2023.cpp(10,24): warning C4566: character represented by universal-character-name '\u044E' cannot be represented in the current code page (1252)
C:\Users\Vavan_228\source\repos\26.10.2023\26.10.2023\26.10.2023.cpp(10,24): warning C4566: character represented by universal-character-name '\u043D' cannot be represented in the current code page (1252)
C:\Users\Vavan_228\source\repos\26.10.2023\26.10.2023\26.10.2023.cpp(10,24): warning C4566: character represented by universal-character-name '\u0430' cannot be represented in the current code page (1252)
C:\Users\Vavan_228\source\repos\26.10.2023\26.10.2023\26.10.2023.cpp(12,24): warning C4566: character represented by universal-character-name '\u042F' cannot be represented in the current code page (1252)
C:\Users\Vavan_228\source\repos\26.10.2023\26.10.2023\26.10.2023.cpp(12,24): warning C4566: character represented by universal-character-name '\u043A' cannot be represented in the current code page (1252)
C:\Users\Vavan_228\source\repos\26.10.2023\26.10.2023\26.10.2023.cpp(12,24): warning C4566: character represented by universal-character-name '\u0438' cannot be represented in the current code page (1252)
C:\Users\Vavan_228\source\repos\26.10.2023\26.10.2023\26.10.2023.cpp(12,24): warning C4566: character represented by universal-character-name '\u0439' cannot be represented in the current code page (1252)
C:\Users\Vavan_228\source\repos\26.10.2023\26.10.2023\26.10.2023.cpp(12,24): warning C4566: character represented by universal-character-name '\u0444' cannot be represented in the current code page (1252)
C:\Users\Vavan_228\source\repos\26.10.2023\26.10.2023\26.10.2023.cpp(12,24): warning C4566: character represented by universal-character-name '\u0440' cannot be represented in the current code page (1252)
C:\Users\Vavan_228\source\repos\26.10.2023\26.10.2023\26.10.2023.cpp(12,24): warning C4566: character represented by universal-character-name '\u0443' cannot be represented in the current code page (1252)
C:\Users\Vavan_228\source\repos\26.10.2023\26.10.2023\26.10.2023.cpp(12,24): warning C4566: character represented by universal-character-name '\u0442' cannot be represented in the current code page (1252)
C:\Users\Vavan_228\source\repos\26.10.2023\26.10.2023\26.10.2023.cpp(12,24): warning C4566: character represented by universal-character-name '\u043C' cannot be represented in the current code page (1252)
C:\Users\Vavan_228\source\repos\26.10.2023\26.10.2023\26.10.2023.cpp(12,24): warning C4566: character represented by universal-character-name '\u0430' cannot be represented in the current code page (1252)
C:\Users\Vavan_228\source\repos\26.10.2023\26.10.2023\26.10.2023.cpp(12,24): warning C4566: character represented by universal-character-name '\u0454' cannot be represented in the current code page (1252)
C:\Users\Vavan_228\source\repos\26.10.2023\26.10.2023\26.10.2023.cpp(12,24): warning C4566: character represented by universal-character-name '\u0447' cannot be represented in the current code page (1252)
C:\Users\Vavan_228\source\repos\26.10.2023\26.10.2023\26.10.2023.cpp(12,24): warning C4566: character represented by universal-character-name '\u0435' cannot be represented in the current code page (1252)
C:\Users\Vavan_228\source\repos\26.10.2023\26.10.2023\26.10.2023.cpp(12,24): warning C4566: character represented by universal-character-name '\u0432' cannot be represented in the current code page (1252)
C:\Users\Vavan_228\source\repos\26.10.2023\26.10.2023\26.10.2023.cpp(12,24): warning C4566: character represented by universal-character-name '\u043E' cannot be represented in the current code page (1252)
C:\Users\Vavan_228\source\repos\26.10.2023\26.10.2023\26.10.2023.cpp(12,24): warning C4566: character represented by universal-character-name '\u043D' cannot be represented in the current code page (1252)
C:\Users\Vavan_228\source\repos\26.10.2023\26.10.2023\26.10.2023.cpp(12,24): warning C4566: character represented by universal-character-name '\u0456' cannot be represented in the current code page (1252)
C:\Users\Vavan_228\source\repos\26.10.2023\26.10.2023\26.10.2023.cpp(12,24): warning C4566: character represented by universal-character-name '\u0436' cannot be represented in the current code page (1252)
C:\Users\Vavan_228\source\repos\26.10.2023\26.10.2023\26.10.2023.cpp(12,24): warning C4566: character represented by universal-character-name '\u0437' cannot be represented in the current code page (1252)
C:\Users\Vavan_228\source\repos\26.10.2023\26.10.2023\26.10.2023.cpp(12,24): warning C4566: character represented by universal-character-name '\u0434' cannot be represented in the current code page (1252)
C:\Users\Vavan_228\source\repos\26.10.2023\26.10.2023\26.10.2023.cpp(12,24): warning C4566: character represented by universal-character-name '\u0441' cannot be represented in the current code page (1252)
C:\Users\Vavan_228\source\repos\26.10.2023\26.10.2023\26.10.2023.cpp(12,24): warning C4566: character represented by universal-character-name '\u044C' cannot be represented in the current code page (1252)
C:\Users\Vavan_228\source\repos\26.10.2023\26.10.2023\26.10.2023.cpp(12,24): warning C4566: character represented by universal-character-name '\u044F' cannot be represented in the current code page (1252)
C:\Users\Vavan_228\source\repos\26.10.2023\26.10.2023\26.10.2023.cpp(12,24): warning C4566: character represented by universal-character-name '\u043B' cannot be represented in the current code page (1252)
C:\Users\Vavan_228\source\repos\26.10.2023\26.10.2023\26.10.2023.cpp(12,24): warning C4566: character represented by universal-character-name '\u0445' cannot be represented in the current code page (1252)
C:\Users\Vavan_228\source\repos\26.10.2023\26.10.2023\26.10.2023.cpp(14,24): warning C4566: character represented by universal-character-name '\u042F' cannot be represented in the current code page (1252)
C:\Users\Vavan_228\source\repos\26.10.2023\26.10.2023\26.10.2023.cpp(14,24): warning C4566: character represented by universal-character-name '\u043A' cannot be represented in the current code page (1252)
C:\Users\Vavan_228\source\repos\26.10.2023\26.10.2023\26.10.2023.cpp(14,24): warning C4566: character represented by universal-character-name '\u0438' cannot be represented in the current code page (1252)
C:\Users\Vavan_228\source\repos\26.10.2023\26.10.2023\26.10.2023.cpp(14,24): warning C4566: character represented by universal-character-name '\u0439' cannot be represented in the current code page (1252)
C:\Users\Vavan_228\source\repos\26.10.2023\26.10.2023\26.10.2023.cpp(14,24): warning C4566: character represented by universal-character-name '\u0444' cannot be represented in the current code page (1252)
C:\Users\Vavan_228\source\repos\26.10.2023\26.10.2023\26.10.2023.cpp(14,24): warning C4566: character represented by universal-character-name '\u0440' cannot be represented in the current code page (1252)
C:\Users\Vavan_228\source\repos\26.10.2023\26.10.2023\26.10.2023.cpp(14,24): warning C4566: character represented by universal-character-name '\u0443' cannot be represented in the current code page (1252)
C:\Users\Vavan_228\source\repos\26.10.2023\26.10.2023\26.10.2023.cpp(14,24): warning C4566: character represented by universal-character-name '\u0442' cannot be represented in the current code page (1252)
C:\Users\Vavan_228\source\repos\26.10.2023\26.10.2023\26.10.2023.cpp(14,24): warning C4566: character represented by universal-character-name '\u0432' cannot be represented in the current code page (1252)
C:\Users\Vavan_228\source\repos\26.10.2023\26.10.2023\26.10.2023.cpp(14,24): warning C4566: character represented by universal-character-name '\u043E' cannot be represented in the current code page (1252)
C:\Users\Vavan_228\source\repos\26.10.2023\26.10.2023\26.10.2023.cpp(14,24): warning C4566: character represented by universal-character-name '\u0449' cannot be represented in the current code page (1252)
C:\Users\Vavan_228\source\repos\26.10.2023\26.10.2023\26.10.2023.cpp(14,24): warning C4566: character represented by universal-character-name '\u0454' cannot be represented in the current code page (1252)
C:\Users\Vavan_228\source\repos\26.10.2023\26.10.2023\26.10.2023.cpp(14,24): warning C4566: character represented by universal-character-name '\u044C' cannot be represented in the current code page (1252)
C:\Users\Vavan_228\source\repos\26.10.2023\26.10.2023\26.10.2023.cpp(14,24): warning C4566: character represented by universal-character-name '\u0441' cannot be represented in the current code page (1252)
C:\Users\Vavan_228\source\repos\26.10.2023\26.10.2023\26.10.2023.cpp(14,24): warning C4566: character represented by universal-character-name '\u044F' cannot be represented in the current code page (1252)
C:\Users\Vavan_228\source\repos\26.10.2023\26.10.2023\26.10.2023.cpp(14,24): warning C4566: character represented by universal-character-name '\u043D' cannot be represented in the current code page (1252)
C:\Users\Vavan_228\source\repos\26.10.2023\26.10.2023\26.10.2023.cpp(14,24): warning C4566: character represented by universal-character-name '\u0430' cannot be represented in the current code page (1252)
C:\Users\Vavan_228\source\repos\26.10.2023\26.10.2023\26.10.2023.cpp(14,24): warning C4566: character represented by universal-character-name '\u043F' cannot be represented in the current code page (1252)
C:\Users\Vavan_228\source\repos\26.10.2023\26.10.2023\26.10.2023.cpp(14,24): warning C4566: character represented by universal-character-name '\u043B' cannot be represented in the current code page (1252)
C:\Users\Vavan_228\source\repos\26.10.2023\26.10.2023\26.10.2023.cpp(14,24): warning C4566: character represented by universal-character-name '\u043C' cannot be represented in the current code page (1252)
C:\Users\Vavan_228\source\repos\26.10.2023\26.10.2023\26.10.2023.cpp(14,24): warning C4566: character represented by universal-character-name '\u0456' cannot be represented in the current code page (1252)
C:\Users\Vavan_228\source\repos\26.10.2023\26.10.2023\26.10.2023.cpp(14,24): warning C4566: character represented by universal-character-name '\u0434' cannot be represented in the current code page (1252)
C:\Users\Vavan_228\source\repos\26.10.2023\26.10.2023\26.10.2023.cpp(14,24): warning C4566: character represented by universal-character-name '\u0431' cannot be represented in the current code page (1252)
C:\Users\Vavan_228\source\repos\26.10.2023\26.10.2023\26.10.2023.cpp(14,24): warning C4566: character represented by universal-character-name '\u0446' cannot be represented in the current code page (1252)
C:\Users\Vavan_228\source\repos\26.10.2023\26.10.2023\26.10.2023.cpp(14,24): warning C4566: character represented by universal-character-name '\u0457' cannot be represented in the current code page (1252)
C:\Users\Vavan_228\source\repos\26.10.2023\26.10.2023\26.10.2023.cpp(16,24): warning C4566: character represented by universal-character-name '\u042F' cannot be represented in the current code page (1252)
C:\Users\Vavan_228\source\repos\26.10.2023\26.10.2023\26.10.2023.cpp(16,24): warning C4566: character represented by universal-character-name '\u043A' cannot be represented in the current code page (1252)
C:\Users\Vavan_228\source\repos\26.10.2023\26.10.2023\26.10.2023.cpp(16,24): warning C4566: character represented by universal-character-name '\u0438' cannot be represented in the current code page (1252)
C:\Users\Vavan_228\source\repos\26.10.2023\26.10.2023\26.10.2023.cpp(16,24): warning C4566: character represented by universal-character-name '\u0439' cannot be represented in the current code page (1252)
C:\Users\Vavan_228\source\repos\26.10.2023\26.10.2023\26.10.2023.cpp(16,24): warning C4566: character represented by universal-character-name '\u0444' cannot be represented in the current code page (1252)
C:\Users\Vavan_228\source\repos\26.10.2023\26.10.2023\26.10.2023.cpp(16,24): warning C4566: character represented by universal-character-name '\u0440' cannot be represented in the current code page (1252)
C:\Users\Vavan_228\source\repos\26.10.2023\26.10.2023\26.10.2023.cpp(16,24): warning C4566: character represented by universal-character-name '\u0443' cannot be represented in the current code page (1252)
C:\Users\Vavan_228\source\repos\26.10.2023\26.10.2023\26.10.2023.cpp(16,24): warning C4566: character represented by universal-character-name '\u0442' cannot be represented in the current code page (1252)
C:\Users\Vavan_228\source\repos\26.10.2023\26.10.2023\26.10.2023.cpp(16,24): warning C4566: character represented by universal-character-name '\u0437' cannot be represented in the current code page (1252)
C:\Users\Vavan_228\source\repos\26.10.2023\26.10.2023\26.10.2023.cpp(16,24): warning C4566: character represented by universal-character-name '\u0430' cannot be represented in the current code page (1252)
C:\Users\Vavan_228\source\repos\26.10.2023\26.10.2023\26.10.2023.cpp(16,24): warning C4566: character represented by universal-character-name '\u0432' cannot be represented in the current code page (1252)
C:\Users\Vavan_228\source\repos\26.10.2023\26.10.2023\26.10.2023.cpp(16,24): warning C4566: character represented by universal-character-name '\u0447' cannot be represented in the current code page (1252)
C:\Users\Vavan_228\source\repos\26.10.2023\26.10.2023\26.10.2023.cpp(16,24): warning C4566: character represented by universal-character-name '\u043E' cannot be represented in the current code page (1252)
C:\Users\Vavan_228\source\repos\26.10.2023\26.10.2023\26.10.2023.cpp(16,24): warning C4566: character represented by universal-character-name '\u0441' cannot be represented in the current code page (1252)
C:\Users\Vavan_228\source\repos\26.10.2023\26.10.2023\26.10.2023.cpp(16,24): warning C4566: character represented by universal-character-name '\u0454' cannot be represented in the current code page (1252)
C:\Users\Vavan_228\source\repos\26.10.2023\26.10.2023\26.10.2023.cpp(16,24): warning C4566: character represented by universal-character-name '\u044C' cannot be represented in the current code page (1252)
C:\Users\Vavan_228\source\repos\26.10.2023\26.10.2023\26.10.2023.cpp(16,24): warning C4566: character represented by universal-character-name '\u044F' cannot be represented in the current code page (1252)
C:\Users\Vavan_228\source\repos\26.10.2023\26.10.2023\26.10.2023.cpp(16,24): warning C4566: character represented by universal-character-name '\u0434' cannot be represented in the current code page (1252)
C:\Users\Vavan_228\source\repos\26.10.2023\26.10.2023\26.10.2023.cpp(16,24): warning C4566: character represented by universal-character-name '\u043B' cannot be represented in the current code page (1252)
C:\Users\Vavan_228\source\repos\26.10.2023\26.10.2023\26.10.2023.cpp(16,24): warning C4566: character represented by universal-character-name '\u043F' cannot be represented in the current code page (1252)
C:\Users\Vavan_228\source\repos\26.10.2023\26.10.2023\26.10.2023.cpp(16,24): warning C4566: character represented by universal-character-name '\u0433' cannot be represented in the current code page (1252)
C:\Users\Vavan_228\source\repos\26.10.2023\26.10.2023\26.10.2023.cpp(16,24): warning C4566: character represented by universal-character-name '\u043D' cannot be represented in the current code page (1252)
C:\Users\Vavan_228\source\repos\26.10.2023\26.10.2023\26.10.2023.cpp(16,24): warning C4566: character represented by universal-character-name '\u0435' cannot be represented in the current code page (1252)
C:\Users\Vavan_228\source\repos\26.10.2023\26.10.2023\26.10.2023.cpp(18,24): warning C4566: character represented by universal-character-name '\u042F' cannot be represented in the current code page (1252)
C:\Users\Vavan_228\source\repos\26.10.2023\26.10.2023\26.10.2023.cpp(18,24): warning C4566: character represented by universal-character-name '\u043A' cannot be represented in the current code page (1252)
C:\Users\Vavan_228\source\repos\26.10.2023\26.10.2023\26.10.2023.cpp(18,24): warning C4566: character represented by universal-character-name '\u0438' cannot be represented in the current code page (1252)
C:\Users\Vavan_228\source\repos\26.10.2023\26.10.2023\26.10.2023.cpp(18,24): warning C4566: character represented by universal-character-name '\u0439' cannot be represented in the current code page (1252)
C:\Users\Vavan_228\source\repos\26.10.2023\26.10.2023\26.10.2023.cpp(18,24): warning C4566: character represented by universal-character-name '\u0444' cannot be represented in the current code page (1252)
C:\Users\Vavan_228\source\repos\26.10.2023\26.10.2023\26.10.2023.cpp(18,24): warning C4566: character represented by universal-character-name '\u0440' cannot be represented in the current code page (1252)
C:\Users\Vavan_228\source\repos\26.10.2023\26.10.2023\26.10.2023.cpp(18,24): warning C4566: character represented by universal-character-name '\u0443' cannot be represented in the current code page (1252)
C:\Users\Vavan_228\source\repos\26.10.2023\26.10.2023\26.10.2023.cpp(18,24): warning C4566: character represented by universal-character-name '\u0442' cannot be represented in the current code page (1252)
C:\Users\Vavan_228\source\repos\26.10.2023\26.10.2023\26.10.2023.cpp(18,24): warning C4566: character represented by universal-character-name '\u0434' cannot be represented in the current code page (1252)
C:\Users\Vavan_228\source\repos\26.10.2023\26.10.2023\26.10.2023.cpp(18,24): warning C4566: character represented by universal-character-name '\u0436' cannot be represented in the current code page (1252)
C:\Users\Vavan_228\source\repos\26.10.2023\26.10.2023\26.10.2023.cpp(18,24): warning C4566: character represented by universal-character-name '\u0435' cannot be represented in the current code page (1252)
C:\Users\Vavan_228\source\repos\26.10.2023\26.10.2023\26.10.2023.cpp(18,24): warning C4566: character represented by universal-character-name '\u0441' cannot be represented in the current code page (1252)
C:\Users\Vavan_228\source\repos\26.10.2023\26.10.2023\26.10.2023.cpp(18,24): warning C4566: character represented by universal-character-name '\u043B' cannot be represented in the current code page (1252)
C:\Users\Vavan_228\source\repos\26.10.2023\26.10.2023\26.10.2023.cpp(18,24): warning C4566: character represented by universal-character-name '\u0456' cannot be represented in the current code page (1252)
C:\Users\Vavan_228\source\repos\26.10.2023\26.10.2023\26.10.2023.cpp(18,24): warning C4566: character represented by universal-character-name '\u0432' cannot be represented in the current code page (1252)
C:\Users\Vavan_228\source\repos\26.10.2023\26.10.2023\26.10.2023.cpp(18,24): warning C4566: character represented by universal-character-name '\u043E' cannot be represented in the current code page (1252)
C:\Users\Vavan_228\source\repos\26.10.2023\26.10.2023\26.10.2023.cpp(18,24): warning C4566: character represented by universal-character-name '\u0454' cannot be represented in the current code page (1252)
C:\Users\Vavan_228\source\repos\26.10.2023\26.10.2023\26.10.2023.cpp(18,24): warning C4566: character represented by universal-character-name '\u044C' cannot be represented in the current code page (1252)
C:\Users\Vavan_228\source\repos\26.10.2023\26.10.2023\26.10.2023.cpp(18,24): warning C4566: character represented by universal-character-name '\u044F' cannot be represented in the current code page (1252)
C:\Users\Vavan_228\source\repos\26.10.2023\26.10.2023\26.10.2023.cpp(18,24): warning C4566: character represented by universal-character-name '\u043F' cannot be represented in the current code page (1252)
C:\Users\Vavan_228\source\repos\26.10.2023\26.10.2023\26.10.2023.cpp(18,24): warning C4566: character represented by universal-character-name '\u0433' cannot be represented in the current code page (1252)
C:\Users\Vavan_228\source\repos\26.10.2023\26.10.2023\26.10.2023.cpp(18,24): warning C4566: character represented by universal-character-name '\u0430' cannot be represented in the current code page (1252)
C:\Users\Vavan_228\source\repos\26.10.2023\26.10.2023\26.10.2023.cpp(18,24): warning C4566: character represented by universal-character-name '\u043D' cannot be represented in the current code page (1252)
C:\Users\Vavan_228\source\repos\26.10.2023\26.10.2023\26.10.2023.cpp(18,24): warning C4566: character represented by universal-character-name '\u043C' cannot be represented in the current code page (1252)
C:\Users\Vavan_228\source\repos\26.10.2023\26.10.2023\26.10.2023.cpp(20,24): warning C4566: character represented by universal-character-name '\u042F' cannot be represented in the current code page (1252)
C:\Users\Vavan_228\source\repos\26.10.2023\26.10.2023\26.10.2023.cpp(20,24): warning C4566: character represented by universal-character-name '\u043A' cannot be represented in the current code page (1252)
C:\Users\Vavan_228\source\repos\26.10.2023\26.10.2023\26.10.2023.cpp(20,24): warning C4566: character represented by universal-character-name '\u0438' cannot be represented in the current code page (1252)
C:\Users\Vavan_228\source\repos\26.10.2023\26.10.2023\26.10.2023.cpp(20,24): warning C4566: character represented by universal-character-name '\u0439' cannot be represented in the current code page (1252)
C:\Users\Vavan_228\source\repos\26.10.2023\26.10.2023\26.10.2023.cpp(20,24): warning C4566: character represented by universal-character-name '\u0444' cannot be represented in the current code page (1252)
C:\Users\Vavan_228\source\repos\26.10.2023\26.10.2023\26.10.2023.cpp(20,24): warning C4566: character represented by universal-character-name '\u0440' cannot be represented in the current code page (1252)
C:\Users\Vavan_228\source\repos\26.10.2023\26.10.2023\26.10.2023.cpp(20,24): warning C4566: character represented by universal-character-name '\u0443' cannot be represented in the current code page (1252)
C:\Users\Vavan_228\source\repos\26.10.2023\26.10.2023\26.10.2023.cpp(20,24): warning C4566: character represented by universal-character-name '\u0442' cannot be represented in the current code page (1252)
C:\Users\Vavan_228\source\repos\26.10.2023\26.10.2023\26.10.2023.cpp(20,24): warning C4566: character represented by universal-character-name '\u0437' cannot be represented in the current code page (1252)
C:\Users\Vavan_228\source\repos\26.10.2023\26.10.2023\26.10.2023.cpp(20,24): warning C4566: character represented by universal-character-name '\u0430' cannot be represented in the current code page (1252)
C:\Users\Vavan_228\source\repos\26.10.2023\26.10.2023\26.10.2023.cpp(20,24): warning C4566: character represented by universal-character-name '\u0432' cannot be represented in the current code page (1252)
C:\Users\Vavan_228\source\repos\26.10.2023\26.10.2023\26.10.2023.cpp(20,24): warning C4566: character represented by universal-character-name '\u0447' cannot be represented in the current code page (1252)
C:\Users\Vavan_228\source\repos\26.10.2023\26.10.2023\26.10.2023.cpp(20,24): warning C4566: character represented by universal-character-name '\u043E' cannot be represented in the current code page (1252)
C:\Users\Vavan_228\source\repos\26.10.2023\26.10.2023\26.10.2023.cpp(20,24): warning C4566: character represented by universal-character-name '\u0441' cannot be represented in the current code page (1252)
C:\Users\Vavan_228\source\repos\26.10.2023\26.10.2023\26.10.2023.cpp(20,24): warning C4566: character represented by universal-character-name '\u0454' cannot be represented in the current code page (1252)
C:\Users\Vavan_228\source\repos\26.10.2023\26.10.2023\26.10.2023.cpp(20,24): warning C4566: character represented by universal-character-name '\u044C' cannot be represented in the current code page (1252)
C:\Users\Vavan_228\source\repos\26.10.2023\26.10.2023\26.10.2023.cpp(20,24): warning C4566: character represented by universal-character-name '\u044F' cannot be represented in the current code page (1252)
C:\Users\Vavan_228\source\repos\26.10.2023\26.10.2023\26.10.2023.cpp(20,24): warning C4566: character represented by universal-character-name '\u0434' cannot be represented in the current code page (1252)
C:\Users\Vavan_228\source\repos\26.10.2023\26.10.2023\26.10.2023.cpp(20,24): warning C4566: character represented by universal-character-name '\u043B' cannot be represented in the current code page (1252)
C:\Users\Vavan_228\source\repos\26.10.2023\26.10.2023\26.10.2023.cpp(20,24): warning C4566: character represented by universal-character-name '\u043F' cannot be represented in the current code page (1252)
C:\Users\Vavan_228\source\repos\26.10.2023\26.10.2023\26.10.2023.cpp(20,24): warning C4566: character represented by universal-character-name '\u0433' cannot be represented in the current code page (1252)
C:\Users\Vavan_228\source\repos\26.10.2023\26.10.2023\26.10.2023.cpp(20,24): warning C4566: character represented by universal-character-name '\u043D' cannot be represented in the current code page (1252)
C:\Users\Vavan_228\source\repos\26.10.2023\26.10.2023\26.10.2023.cpp(20,24): warning C4566: character represented by universal-character-name '\u043C' cannot be represented in the current code page (1252)
C:\Users\Vavan_228\source\repos\26.10.2023\26.10.2023\26.10.2023.cpp(20,24): warning C4566: character represented by universal-character-name '\u0435' cannot be represented in the current code page (1252)
C:\Users\Vavan_228\source\repos\26.10.2023\26.10.2023\26.10.2023.cpp(22,24): warning C4566: character represented by universal-character-name '\u042F' cannot be represented in the current code page (1252)
C:\Users\Vavan_228\source\repos\26.10.2023\26.10.2023\26.10.2023.cpp(22,24): warning C4566: character represented by universal-character-name '\u043A' cannot be represented in the current code page (1252)
C:\Users\Vavan_228\source\repos\26.10.2023\26.10.2023\26.10.2023.cpp(22,24): warning C4566: character represented by universal-character-name '\u0438' cannot be represented in the current code page (1252)
C:\Users\Vavan_228\source\repos\26.10.2023\26.10.2023\26.10.2023.cpp(22,24): warning C4566: character represented by universal-character-name '\u0439' cannot be represented in the current code page (1252)
C:\Users\Vavan_228\source\repos\26.10.2023\26.10.2023\26.10.2023.cpp(22,24): warning C4566: character represented by universal-character-name '\u0444' cannot be represented in the current code page (1252)
C:\Users\Vavan_228\source\repos\26.10.2023\26.10.2023\26.10.2023.cpp(22,24): warning C4566: character represented by universal-character-name '\u0440' cannot be represented in the current code page (1252)
C:\Users\Vavan_228\source\repos\26.10.2023\26.10.2023\26.10.2023.cpp(22,24): warning C4566: character represented by universal-character-name '\u0443' cannot be represented in the current code page (1252)
C:\Users\Vavan_228\source\repos\26.10.2023\26.10.2023\26.10.2023.cpp(22,24): warning C4566: character represented by universal-character-name '\u0442' cannot be represented in the current code page (1252)
C:\Users\Vavan_228\source\repos\26.10.2023\26.10.2023\26.10.2023.cpp(22,24): warning C4566: character represented by universal-character-name '\u0454' cannot be represented in the current code page (1252)
C:\Users\Vavan_228\source\repos\26.10.2023\26.10.2023\26.10.2023.cpp(22,24): warning C4566: character represented by universal-character-name '\u0441' cannot be represented in the current code page (1252)
C:\Users\Vavan_228\source\repos\26.10.2023\26.10.2023\26.10.2023.cpp(22,24): warning C4566: character represented by universal-character-name '\u043C' cannot be represented in the current code page (1252)
C:\Users\Vavan_228\source\repos\26.10.2023\26.10.2023\26.10.2023.cpp(22,24): warning C4566: character represented by universal-character-name '\u0432' cannot be represented in the current code page (1252)
C:\Users\Vavan_228\source\repos\26.10.2023\26.10.2023\26.10.2023.cpp(22,24): warning C4566: character represented by universal-character-name '\u043E' cannot be represented in the current code page (1252)
C:\Users\Vavan_228\source\repos\26.10.2023\26.10.2023\26.10.2023.cpp(22,24): warning C4566: character represented by universal-character-name '\u043B' cannot be represented in the current code page (1252)
C:\Users\Vavan_228\source\repos\26.10.2023\26.10.2023\26.10.2023.cpp(22,24): warning C4566: character represented by universal-character-name '\u043F' cannot be represented in the current code page (1252)
C:\Users\Vavan_228\source\repos\26.10.2023\26.10.2023\26.10.2023.cpp(22,24): warning C4566: character represented by universal-character-name '\u0456' cannot be represented in the current code page (1252)
C:\Users\Vavan_228\source\repos\26.10.2023\26.10.2023\26.10.2023.cpp(22,24): warning C4566: character represented by universal-character-name '\u0447' cannot be represented in the current code page (1252)
C:\Users\Vavan_228\source\repos\26.10.2023\26.10.2023\26.10.2023.cpp(22,24): warning C4566: character represented by universal-character-name '\u0430' cannot be represented in the current code page (1252)
C:\Users\Vavan_228\source\repos\26.10.2023\26.10.2023\26.10.2023.cpp(22,24): warning C4566: character represented by universal-character-name '\u0437' cannot be represented in the current code page (1252)
C:\Users\Vavan_228\source\repos\26.10.2023\26.10.2023\26.10.2023.cpp(22,24): warning C4566: character represented by universal-character-name '\u0431' cannot be represented in the current code page (1252)
C:\Users\Vavan_228\source\repos\26.10.2023\26.10.2023\26.10.2023.cpp(22,24): warning C4566: character represented by universal-character-name '\u0436' cannot be represented in the current code page (1252)
C:\Users\Vavan_228\source\repos\26.10.2023\26.10.2023\26.10.2023.cpp(22,24): warning C4566: character represented by universal-character-name '\u044C' cannot be represented in the current code page (1252)
C:\Users\Vavan_228\source\repos\26.10.2023\26.10.2023\26.10.2023.cpp(22,24): warning C4566: character represented by universal-character-name '\u044F' cannot be represented in the current code page (1252)
C:\Users\Vavan_228\source\repos\26.10.2023\26.10.2023\26.10.2023.cpp(22,24): warning C4566: character represented by universal-character-name '\u043D' cannot be represented in the current code page (1252)
C:\Users\Vavan_228\source\repos\26.10.2023\26.10.2023\26.10.2023.cpp(22,24): warning C4566: character represented by universal-character-name '\u0434' cannot be represented in the current code page (1252)
C:\Users\Vavan_228\source\repos\26.10.2023\26.10.2023\26.10.2023.cpp(22,24): warning C4566: character represented by universal-character-name '\u0445' cannot be represented in the current code page (1252)
C:\Users\Vavan_228\source\repos\26.10.2023\26.10.2023\26.10.2023.cpp(24,24): warning C4566: character represented by universal-character-name '\u042F' cannot be represented in the current code page (1252)
C:\Users\Vavan_228\source\repos\26.10.2023\26.10.2023\26.10.2023.cpp(24,24): warning C4566: character represented by universal-character-name '\u043A' cannot be represented in the current code page (1252)
C:\Users\Vavan_228\source\repos\26.10.2023\26.10.2023\26.10.2023.cpp(24,24): warning C4566: character represented by universal-character-name '\u0438' cannot be represented in the current code page (1252)
C:\Users\Vavan_228\source\repos\26.10.2023\26.10.2023\26.10.2023.cpp(24,24): warning C4566: character represented by universal-character-name '\u0439' cannot be represented in the current code page (1252)
C:\Users\Vavan_228\source\repos\26.10.2023\26.10.2023\26.10.2023.cpp(24,24): warning C4566: character represented by universal-character-name '\u0444' cannot be represented in the current code page (1252)
C:\Users\Vavan_228\source\repos\26.10.2023\26.10.2023\26.10.2023.cpp(24,24): warning C4566: character represented by universal-character-name '\u0440' cannot be represented in the current code page (1252)
C:\Users\Vavan_228\source\repos\26.10.2023\26.10.2023\26.10.2023.cpp(24,24): warning C4566: character represented by universal-character-name '\u0443' cannot be represented in the current code page (1252)
C:\Users\Vavan_228\source\repos\26.10.2023\26.10.2023\26.10.2023.cpp(24,24): warning C4566: character represented by universal-character-name '\u0442' cannot be represented in the current code page (1252)
C:\Users\Vavan_228\source\repos\26.10.2023\26.10.2023\26.10.2023.cpp(24,24): warning C4566: character represented by universal-character-name '\u043C' cannot be represented in the current code page (1252)
C:\Users\Vavan_228\source\repos\26.10.2023\26.10.2023\26.10.2023.cpp(24,24): warning C4566: character represented by universal-character-name '\u0430' cannot be represented in the current code page (1252)
C:\Users\Vavan_228\source\repos\26.10.2023\26.10.2023\26.10.2023.cpp(24,24): warning C4566: character represented by universal-character-name '\u0454' cannot be represented in the current code page (1252)
C:\Users\Vavan_228\source\repos\26.10.2023\26.10.2023\26.10.2023.cpp(24,24): warning C4566: character represented by universal-character-name '\u0432' cannot be represented in the current code page (1252)
C:\Users\Vavan_228\source\repos\26.10.2023\26.10.2023\26.10.2023.cpp(24,24): warning C4566: character represented by universal-character-name '\u0435' cannot be represented in the current code page (1252)
C:\Users\Vavan_228\source\repos\26.10.2023\26.10.2023\26.10.2023.cpp(24,24): warning C4566: character represented by universal-character-name '\u0434' cannot be represented in the current code page (1252)
C:\Users\Vavan_228\source\repos\26.10.2023\26.10.2023\26.10.2023.cpp(24,24): warning C4566: character represented by universal-character-name '\u0456' cannot be represented in the current code page (1252)
C:\Users\Vavan_228\source\repos\26.10.2023\26.10.2023\26.10.2023.cpp(24,24): warning C4566: character represented by universal-character-name '\u0441' cannot be represented in the current code page (1252)
C:\Users\Vavan_228\source\repos\26.10.2023\26.10.2023\26.10.2023.cpp(24,24): warning C4566: character represented by universal-character-name '\u043E' cannot be represented in the current code page (1252)
C:\Users\Vavan_228\source\repos\26.10.2023\26.10.2023\26.10.2023.cpp(24,24): warning C4566: character represented by universal-character-name '\u0436' cannot be represented in the current code page (1252)
C:\Users\Vavan_228\source\repos\26.10.2023\26.10.2023\26.10.2023.cpp(24,24): warning C4566: character represented by universal-character-name '\u044F' cannot be represented in the current code page (1252)
C:\Users\Vavan_228\source\repos\26.10.2023\26.10.2023\26.10.2023.cpp(24,24): warning C4566: character represented by universal-character-name '\u0437' cannot be represented in the current code page (1252)
C:\Users\Vavan_228\source\repos\26.10.2023\26.10.2023\26.10.2023.cpp(24,24): warning C4566: character represented by universal-character-name '\u0447' cannot be represented in the current code page (1252)
C:\Users\Vavan_228\source\repos\26.10.2023\26.10.2023\26.10.2023.cpp(24,24): warning C4566: character represented by universal-character-name '\u043D' cannot be represented in the current code page (1252)
C:\Users\Vavan_228\source\repos\26.10.2023\26.10.2023\26.10.2023.cpp(26,24): warning C4566: character represented by universal-character-name '\u042F' cannot be represented in the current code page (1252)
C:\Users\Vavan_228\source\repos\26.10.2023\26.10.2023\26.10.2023.cpp(26,24): warning C4566: character represented by universal-character-name '\u043A' cannot be represented in the current code page (1252)
C:\Users\Vavan_228\source\repos\26.10.2023\26.10.2023\26.10.2023.cpp(26,24): warning C4566: character represented by universal-character-name '\u0438' cannot be represented in the current code page (1252)
C:\Users\Vavan_228\source\repos\26.10.2023\26.10.2023\26.10.2023.cpp(26,24): warning C4566: character represented by universal-character-name '\u0439' cannot be represented in the current code page (1252)
C:\Users\Vavan_228\source\repos\26.10.2023\26.10.2023\26.10.2023.cpp(26,24): warning C4566: character represented by universal-character-name '\u0444' cannot be represented in the current code page (1252)
C:\Users\Vavan_228\source\repos\26.10.2023\26.10.2023\26.10.2023.cpp(26,24): warning C4566: character represented by universal-character-name '\u0440' cannot be represented in the current code page (1252)
C:\Users\Vavan_228\source\repos\26.10.2023\26.10.2023\26.10.2023.cpp(26,24): warning C4566: character represented by universal-character-name '\u0443' cannot be represented in the current code page (1252)
C:\Users\Vavan_228\source\repos\26.10.2023\26.10.2023\26.10.2023.cpp(26,24): warning C4566: character represented by universal-character-name '\u0442' cannot be represented in the current code page (1252)
C:\Users\Vavan_228\source\repos\26.10.2023\26.10.2023\26.10.2023.cpp(26,24): warning C4566: character represented by universal-character-name '\u0449' cannot be represented in the current code page (1252)
C:\Users\Vavan_228\source\repos\26.10.2023\26.10.2023\26.10.2023.cpp(26,24): warning C4566: character represented by universal-character-name '\u043E' cannot be represented in the current code page (1252)
C:\Users\Vavan_228\source\repos\26.10.2023\26.10.2023\26.10.2023.cpp(26,24): warning C4566: character represented by universal-character-name '\u043C' cannot be represented in the current code page (1252)
C:\Users\Vavan_228\source\repos\26.10.2023\26.10.2023\26.10.2023.cpp(26,24): warning C4566: character represented by universal-character-name '\u0430' cannot be represented in the current code page (1252)
C:\Users\Vavan_228\source\repos\26.10.2023\26.10.2023\26.10.2023.cpp(26,24): warning C4566: character represented by universal-character-name '\u0454' cannot be represented in the current code page (1252)
C:\Users\Vavan_228\source\repos\26.10.2023\26.10.2023\26.10.2023.cpp(26,24): warning C4566: character represented by universal-character-name '\u0433' cannot be represented in the current code page (1252)
C:\Users\Vavan_228\source\repos\26.10.2023\26.10.2023\26.10.2023.cpp(26,24): warning C4566: character represented by universal-character-name '\u0441' cannot be represented in the current code page (1252)
C:\Users\Vavan_228\source\repos\26.10.2023\26.10.2023\26.10.2023.cpp(26,24): warning C4566: character represented by universal-character-name '\u0447' cannot be represented in the current code page (1252)
C:\Users\Vavan_228\source\repos\26.10.2023\26.10.2023\26.10.2023.cpp(26,24): warning C4566: character represented by universal-character-name '\u0432' cannot be represented in the current code page (1252)
C:\Users\Vavan_228\source\repos\26.10.2023\26.10.2023\26.10.2023.cpp(26,24): warning C4566: character represented by universal-character-name '\u044C' cannot be represented in the current code page (1252)
C:\Users\Vavan_228\source\repos\26.10.2023\26.10.2023\26.10.2023.cpp(26,24): warning C4566: character represented by universal-character-name '\u044F' cannot be represented in the current code page (1252)
C:\Users\Vavan_228\source\repos\26.10.2023\26.10.2023\26.10.2023.cpp(26,24): warning C4566: character represented by universal-character-name '\u0448' cannot be represented in the current code page (1252)
C:\Users\Vavan_228\source\repos\26.10.2023\26.10.2023\26.10.2023.cpp(26,24): warning C4566: character represented by universal-character-name '\u0456' cannot be represented in the current code page (1252)
C:\Users\Vavan_228\source\repos\26.10.2023\26.10.2023\26.10.2023.cpp(26,24): warning C4566: character represented by universal-character-name '\u043F' cannot be represented in the current code page (1252)
C:\Users\Vavan_228\source\repos\26.10.2023\26.10.2023\26.10.2023.cpp(26,24): warning C4566: character represented by universal-character-name '\u043D' cannot be represented in the current code page (1252)
C:\Users\Vavan_228\source\repos\26.10.2023\26.10.2023\26.10.2023.cpp(26,24): warning C4566: character represented by universal-character-name '\u0445' cannot be represented in the current code page (1252)
C:\Users\Vavan_228\source\repos\26.10.2023\26.10.2023\26.10.2023.cpp(28,22): warning C4566: character represented by universal-character-name '\u042F' cannot be represented in the current code page (1252)
C:\Users\Vavan_228\source\repos\26.10.2023\26.10.2023\26.10.2023.cpp(28,22): warning C4566: character represented by universal-character-name '\u0431' cannot be represented in the current code page (1252)
C:\Users\Vavan_228\source\repos\26.10.2023\26.10.2023\26.10.2023.cpp(28,22): warning C4566: character represented by universal-character-name '\u043B' cannot be represented in the current code page (1252)
C:\Users\Vavan_228\source\repos\26.10.2023\26.10.2023\26.10.2023.cpp(28,22): warning C4566: character represented by universal-character-name '\u0443' cannot be represented in the current code page (1252)
C:\Users\Vavan_228\source\repos\26.10.2023\26.10.2023\26.10.2023.cpp(28,22): warning C4566: character represented by universal-character-name '\u043A' cannot be represented in the current code page (1252)
C:\Users\Vavan_228\source\repos\26.10.2023\26.10.2023\26.10.2023.cpp(28,22): warning C4566: character represented by universal-character-name '\u043E' cannot be represented in the current code page (1252)
C:\Users\Vavan_228\source\repos\26.10.2023\26.10.2023\26.10.2023.cpp(28,42): warning C4566: character represented by universal-character-name '\u041A' cannot be represented in the current code page (1252)
C:\Users\Vavan_228\source\repos\26.10.2023\26.10.2023\26.10.2023.cpp(28,42): warning C4566: character represented by universal-character-name '\u043E' cannot be represented in the current code page (1252)
C:\Users\Vavan_228\source\repos\26.10.2023\26.10.2023\26.10.2023.cpp(28,42): warning C4566: character represented by universal-character-name '\u043A' cannot be represented in the current code page (1252)
C:\Users\Vavan_228\source\repos\26.10.2023\26.10.2023\26.10.2023.cpp(28,42): warning C4566: character represented by universal-character-name '\u0441' cannot be represented in the current code page (1252)
C:\Users\Vavan_228\source\repos\26.10.2023\26.10.2023\26.10.2023.cpp(28,56): warning C4566: character represented by universal-character-name '\u0410' cannot be represented in the current code page (1252)
C:\Users\Vavan_228\source\repos\26.10.2023\26.10.2023\26.10.2023.cpp(28,56): warning C4566: character represented by universal-character-name '\u043F' cannot be represented in the current code page (1252)
C:\Users\Vavan_228\source\repos\26.10.2023\26.10.2023\26.10.2023.cpp(28,56): warning C4566: character represented by universal-character-name '\u0435' cannot be represented in the current code page (1252)
C:\Users\Vavan_228\source\repos\26.10.2023\26.10.2023\26.10.2023.cpp(28,56): warning C4566: character represented by universal-character-name '\u043B' cannot be represented in the current code page (1252)
C:\Users\Vavan_228\source\repos\26.10.2023\26.10.2023\26.10.2023.cpp(28,56): warning C4566: character represented by universal-character-name '\u044C' cannot be represented in the current code page (1252)
C:\Users\Vavan_228\source\repos\26.10.2023\26.10.2023\26.10.2023.cpp(28,56): warning C4566: character represented by universal-character-name '\u0441' cannot be represented in the current code page (1252)
C:\Users\Vavan_228\source\repos\26.10.2023\26.10.2023\26.10.2023.cpp(28,56): warning C4566: character represented by universal-character-name '\u0438' cannot be represented in the current code page (1252)
C:\Users\Vavan_228\source\repos\26.10.2023\26.10.2023\26.10.2023.cpp(28,56): warning C4566: character represented by universal-character-name '\u043D' cannot be represented in the current code page (1252)
C:\Users\Vavan_228\source\repos\26.10.2023\26.10.2023\26.10.2023.cpp(28,76): warning C4566: character represented by universal-character-name '\u041B' cannot be represented in the current code page (1252)
C:\Users\Vavan_228\source\repos\26.10.2023\26.10.2023\26.10.2023.cpp(28,76): warning C4566: character represented by universal-character-name '\u0438' cannot be represented in the current code page (1252)
C:\Users\Vavan_228\source\repos\26.10.2023\26.10.2023\26.10.2023.cpp(28,76): warning C4566: character represented by universal-character-name '\u043C' cannot be represented in the current code page (1252)
C:\Users\Vavan_228\source\repos\26.10.2023\26.10.2023\26.10.2023.cpp(28,76): warning C4566: character represented by universal-character-name '\u043E' cannot be represented in the current code page (1252)
C:\Users\Vavan_228\source\repos\26.10.2023\26.10.2023\26.10.2023.cpp(28,76): warning C4566: character represented by universal-character-name '\u043D' cannot be represented in the current code page (1252)
C:\Users\Vavan_228\source\repos\26.10.2023\26.10.2023\26.10.2023.cpp(28,90): warning C4566: character represented by universal-character-name '\u0410' cannot be represented in the current code page (1252)
C:\Users\Vavan_228\source\repos\26.10.2023\26.10.2023\26.10.2023.cpp(28,90): warning C4566: character represented by universal-character-name '\u0432' cannot be represented in the current code page (1252)
C:\Users\Vavan_228\source\repos\26.10.2023\26.10.2023\26.10.2023.cpp(28,90): warning C4566: character represented by universal-character-name '\u043E' cannot be represented in the current code page (1252)
C:\Users\Vavan_228\source\repos\26.10.2023\26.10.2023\26.10.2023.cpp(28,90): warning C4566: character represented by universal-character-name '\u043A' cannot be represented in the current code page (1252)
C:\Users\Vavan_228\source\repos\26.10.2023\26.10.2023\26.10.2023.cpp(28,90): warning C4566: character represented by universal-character-name '\u0430' cannot be represented in the current code page (1252)
C:\Users\Vavan_228\source\repos\26.10.2023\26.10.2023\26.10.2023.cpp(28,90): warning C4566: character represented by universal-character-name '\u0434' cannot be represented in the current code page (1252)
C:\Users\Vavan_228\source\repos\26.10.2023\26.10.2023\26.10.2023.cpp(28,108): warning C4566: character represented by universal-character-name '\u041F' cannot be represented in the current code page (1252)
C:\Users\Vavan_228\source\repos\26.10.2023\26.10.2023\26.10.2023.cpp(28,108): warning C4566: character represented by universal-character-name '\u0430' cannot be represented in the current code page (1252)
C:\Users\Vavan_228\source\repos\26.10.2023\26.10.2023\26.10.2023.cpp(28,108): warning C4566: character represented by universal-character-name '\u043B' cannot be represented in the current code page (1252)
C:\Users\Vavan_228\source\repos\26.10.2023\26.10.2023\26.10.2023.cpp(28,108): warning C4566: character represented by universal-character-name '\u044C' cannot be represented in the current code page (1252)
C:\Users\Vavan_228\source\repos\26.10.2023\26.10.2023\26.10.2023.cpp(28,108): warning C4566: character represented by universal-character-name '\u043C' cannot be represented in the current code page (1252)
C:\Users\Vavan_228\source\repos\26.10.2023\26.10.2023\26.10.2023.cpp(28,124): warning C4566: character represented by universal-character-name '\u0413' cannot be represented in the current code page (1252)
C:\Users\Vavan_228\source\repos\26.10.2023\26.10.2023\26.10.2023.cpp(28,124): warning C4566: character represented by universal-character-name '\u0440' cannot be represented in the current code page (1252)
C:\Users\Vavan_228\source\repos\26.10.2023\26.10.2023\26.10.2023.cpp(28,124): warning C4566: character represented by universal-character-name '\u0430' cannot be represented in the current code page (1252)
C:\Users\Vavan_228\source\repos\26.10.2023\26.10.2023\26.10.2023.cpp(28,124): warning C4566: character represented by universal-character-name '\u043D' cannot be represented in the current code page (1252)
C:\Users\Vavan_228\source\repos\26.10.2023\26.10.2023\26.10.2023.cpp(28,124): warning C4566: character represented by universal-character-name '\u0442' cannot be represented in the current code page (1252)
C:\Users\Vavan_228\source\repos\26.10.2023\26.10.2023\26.10.2023.cpp(28,140): warning C4566: character represented by universal-character-name '\u0406' cannot be represented in the current code page (1252)
C:\Users\Vavan_228\source\repos\26.10.2023\26.10.2023\26.10.2023.cpp(28,140): warning C4566: character represented by universal-character-name '\u043C' cannot be represented in the current code page (1252)
C:\Users\Vavan_228\source\repos\26.10.2023\26.10.2023\26.10.2023.cpp(28,140): warning C4566: character represented by universal-character-name '\u0431' cannot be represented in the current code page (1252)
C:\Users\Vavan_228\source\repos\26.10.2023\26.10.2023\26.10.2023.cpp(28,140): warning C4566: character represented by universal-character-name '\u0456' cannot be represented in the current code page (1252)
C:\Users\Vavan_228\source\repos\26.10.2023\26.10.2023\26.10.2023.cpp(28,140): warning C4566: character represented by universal-character-name '\u0440' cannot be represented in the current code page (1252)
C:\Users\Vavan_228\source\repos\26.10.2023\26.10.2023\26.10.2023.cpp(86,20): warning C4267: 'initializing': conversion from 'size_t' to 'int', possible loss of data
  26.10.2023.vcxproj -> C:\Users\Vavan_228\source\repos\26.10.2023\x64\Debug\26.10.2023.exe
