  09.01.2023.cpp
C:\Users\vovak\source\repos\09.01.2023\09.01.2023\09.01.2023.cpp(53,44): warning C4566: character represented by universal-character-name '\u0407' cannot be represented in the current code page (1252)
C:\Users\vovak\source\repos\09.01.2023\09.01.2023\09.01.2023.cpp(53,44): warning C4566: character represented by universal-character-name '\u0436' cannot be represented in the current code page (1252)
C:\Users\vovak\source\repos\09.01.2023\09.01.2023\09.01.2023.cpp(53,44): warning C4566: character represented by universal-character-name '\u0430' cannot be represented in the current code page (1252)
C:\Users\vovak\source\repos\09.01.2023\09.01.2023\09.01.2023.cpp(54,44): warning C4566: character represented by universal-character-name '\u0422' cannot be represented in the current code page (1252)
C:\Users\vovak\source\repos\09.01.2023\09.01.2023\09.01.2023.cpp(54,44): warning C4566: character represented by universal-character-name '\u0440' cannot be represented in the current code page (1252)
C:\Users\vovak\source\repos\09.01.2023\09.01.2023\09.01.2023.cpp(54,44): warning C4566: character represented by universal-character-name '\u0430' cannot be represented in the current code page (1252)
C:\Users\vovak\source\repos\09.01.2023\09.01.2023\09.01.2023.cpp(54,44): warning C4566: character represented by universal-character-name '\u043D' cannot be represented in the current code page (1252)
C:\Users\vovak\source\repos\09.01.2023\09.01.2023\09.01.2023.cpp(54,44): warning C4566: character represented by universal-character-name '\u0441' cannot be represented in the current code page (1252)
C:\Users\vovak\source\repos\09.01.2023\09.01.2023\09.01.2023.cpp(54,44): warning C4566: character represented by universal-character-name '\u043F' cannot be represented in the current code page (1252)
C:\Users\vovak\source\repos\09.01.2023\09.01.2023\09.01.2023.cpp(54,44): warning C4566: character represented by universal-character-name '\u043E' cannot be represented in the current code page (1252)
C:\Users\vovak\source\repos\09.01.2023\09.01.2023\09.01.2023.cpp(54,44): warning C4566: character represented by universal-character-name '\u0442' cannot be represented in the current code page (1252)
C:\Users\vovak\source\repos\09.01.2023\09.01.2023\09.01.2023.cpp(56,13): warning C4566: character represented by universal-character-name '\u0417' cannot be represented in the current code page (1252)
C:\Users\vovak\source\repos\09.01.2023\09.01.2023\09.01.2023.cpp(56,13): warning C4566: character represented by universal-character-name '\u0430' cannot be represented in the current code page (1252)
C:\Users\vovak\source\repos\09.01.2023\09.01.2023\09.01.2023.cpp(56,13): warning C4566: character represented by universal-character-name '\u0433' cannot be represented in the current code page (1252)
C:\Users\vovak\source\repos\09.01.2023\09.01.2023\09.01.2023.cpp(56,13): warning C4566: character represented by universal-character-name '\u043B' cannot be represented in the current code page (1252)
C:\Users\vovak\source\repos\09.01.2023\09.01.2023\09.01.2023.cpp(56,13): warning C4566: character represented by universal-character-name '\u044C' cannot be represented in the current code page (1252)
C:\Users\vovak\source\repos\09.01.2023\09.01.2023\09.01.2023.cpp(56,13): warning C4566: character represented by universal-character-name '\u043D' cannot be represented in the current code page (1252)
C:\Users\vovak\source\repos\09.01.2023\09.01.2023\09.01.2023.cpp(56,13): warning C4566: character represented by universal-character-name '\u0441' cannot be represented in the current code page (1252)
C:\Users\vovak\source\repos\09.01.2023\09.01.2023\09.01.2023.cpp(56,13): warning C4566: character represented by universal-character-name '\u0443' cannot be represented in the current code page (1252)
C:\Users\vovak\source\repos\09.01.2023\09.01.2023\09.01.2023.cpp(56,13): warning C4566: character represented by universal-character-name '\u043C' cannot be represented in the current code page (1252)
C:\Users\vovak\source\repos\09.01.2023\09.01.2023\09.01.2023.cpp(56,13): warning C4566: character represented by universal-character-name '\u0432' cannot be represented in the current code page (1252)
C:\Users\vovak\source\repos\09.01.2023\09.01.2023\09.01.2023.cpp(56,13): warning C4566: character represented by universal-character-name '\u0438' cannot be represented in the current code page (1252)
C:\Users\vovak\source\repos\09.01.2023\09.01.2023\09.01.2023.cpp(56,13): warning C4566: character represented by universal-character-name '\u0442' cannot be represented in the current code page (1252)
C:\Users\vovak\source\repos\09.01.2023\09.01.2023\09.01.2023.cpp(56,13): warning C4566: character represented by universal-character-name '\u0440' cannot be represented in the current code page (1252)
  09.01.2023.vcxproj -> C:\Users\vovak\source\repos\09.01.2023\x64\Debug\09.01.2023.exe
